<?xml version="1.0" encoding="UTF-8"?>
<testng-results ignored="0" total="1" passed="1" failed="0" skipped="0">
  <reporter-output>
  </reporter-output>
  <suite started-at="2019-11-26T06:31:04Z" name="Default suite" finished-at="2019-11-26T06:31:09Z" duration-ms="4732">
    <groups>
    </groups>
    <test started-at="2019-11-26T06:31:04Z" name="Default test" finished-at="2019-11-26T06:31:09Z" duration-ms="4732">
      <class name="com.requests.tests.Request_BasicAuth">
        <test-method signature="basicAuthorization()[pri:0, instance:com.requests.tests.Request_BasicAuth@6db9f5a4]" started-at="2019-11-26T06:31:04Z" name="basicAuthorization" finished-at="2019-11-26T06:31:09Z" duration-ms="4634" status="PASS">
          <reporter-output>
          </reporter-output>
        </test-method> <!-- basicAuthorization -->
      </class> <!-- com.requests.tests.Request_BasicAuth -->
    </test> <!-- Default test -->
  </suite> <!-- Default suite -->
</testng-results>
