<?xml version="1.0" encoding="UTF-8"?>
<testng-results ignored="1" total="3" passed="2" failed="0" skipped="0">
  <reporter-output>
  </reporter-output>
  <suite started-at="2019-12-21T11:28:46Z" name="Default suite" finished-at="2019-12-21T11:28:51Z" duration-ms="4274">
    <groups>
    </groups>
    <test started-at="2019-12-21T11:28:46Z" name="Default test" finished-at="2019-12-21T11:28:51Z" duration-ms="4274">
      <class name="OauthGrantTypes.AuthorizationCode">
        <test-method signature="GetAccessToken()[pri:2, instance:OauthGrantTypes.AuthorizationCode@2f54a33d]" started-at="2019-12-21T11:28:46Z" name="GetAccessToken" finished-at="2019-12-21T11:28:50Z" duration-ms="3423" status="PASS">
          <reporter-output>
          </reporter-output>
        </test-method> <!-- GetAccessToken -->
        <test-method signature="GetCourseList()[pri:3, instance:OauthGrantTypes.AuthorizationCode@2f54a33d]" started-at="2019-12-21T11:28:50Z" name="GetCourseList" finished-at="2019-12-21T11:28:51Z" duration-ms="788" status="PASS">
          <reporter-output>
          </reporter-output>
        </test-method> <!-- GetCourseList -->
      </class> <!-- OauthGrantTypes.AuthorizationCode -->
    </test> <!-- Default test -->
  </suite> <!-- Default suite -->
</testng-results>
