<?xml version="1.0" encoding="UTF-8"?>
<testng-results ignored="0" total="1" passed="1" failed="0" skipped="0">
  <reporter-output>
  </reporter-output>
  <suite started-at="2020-01-27T11:29:43 IST" name="Default suite" finished-at="2020-01-27T11:29:52 IST" duration-ms="8946">
    <groups>
    </groups>
    <test started-at="2020-01-27T11:29:43 IST" name="Default test" finished-at="2020-01-27T11:29:52 IST" duration-ms="8946">
      <class name="com.BDD.Tests.GetRequest">
        <test-method signature="getWeatherDetails()[pri:0, instance:com.BDD.Tests.GetRequest@186f8716]" started-at="2020-01-27T11:29:43 IST" name="getWeatherDetails" finished-at="2020-01-27T11:29:52 IST" duration-ms="8740" status="PASS">
          <reporter-output>
          </reporter-output>
        </test-method> <!-- getWeatherDetails -->
      </class> <!-- com.BDD.Tests.GetRequest -->
    </test> <!-- Default test -->
  </suite> <!-- Default suite -->
</testng-results>
