<?xml version="1.0" encoding="UTF-8"?>
<!-- Generated by org.testng.reporters.JUnitXMLReporter -->
<testsuite ignored="0" hostname="IM-LP-115" failures="0" tests="3" name="Default test" time="3.994" errors="0" timestamp="27 Sep 2019 13:41:49 GMT">
  <testcase classname="basics.CreateAndCommentJiraIssue" name="IssueCreation" time="3.211"/>
  <testcase classname="basics.CreateAndCommentJiraIssue" name="createCommentOnaboveIssue" time="0.277"/>
  <testcase classname="basics.CreateAndCommentJiraIssue" name="updateComment" time="0.446"/>
</testsuite> <!-- Default test -->
