<?xml version="1.0" encoding="UTF-8"?>
<!-- Generated by org.testng.reporters.JUnitXMLReporter -->
<testsuite ignored="1" hostname="IM-LP-115" failures="0" tests="2" name="Default test" time="4.274" errors="0" timestamp="21 Dec 2019 11:28:51 GMT">
  <testcase classname="OauthGrantTypes.AuthorizationCode" name="GetAccessToken" time="3.423"/>
  <testcase classname="OauthGrantTypes.AuthorizationCode" name="GetCourseList" time="0.788"/>
  <testcase classname="OauthGrantTypes.AuthorizationCode" name="GetCode" time="0.0">
    <ignored/>
  </testcase> <!-- GetCode -->
</testsuite> <!-- Default test -->
